This is pdfTeX, Version 3.14159265-2.6-1.40.15 (TeX Live 2014) (preloaded format=pdflatex 2014.5.25)  9 JUN 2015 19:49
entering extended mode
 restricted \write18 enabled.
 file:line:error style messages enabled.
 %&-line parsing enabled.
**main.tex
(./main.tex
LaTeX2e <2014/05/01>
Babel <3.9k> and hyphenation patterns for 78 languages loaded.
(/usr/local/texlive/2014/texmf-dist/tex/latex/tufte-latex/tufte-book.cls
Document Class: tufte-book 2009/12/11 v3.5.0 Tufte-book class
(/usr/local/texlive/2014/texmf-dist/tex/latex/tufte-latex/tufte-common.def
File: tufte-common.def 2009/12/11 v3.5.0 Common code for the Tufte-LaTeX styles


(/usr/local/texlive/2014/texmf-dist/tex/latex/xkeyval/xkeyval.sty
Package: xkeyval 2014/05/09 v2.6d package option processing (HA)

(/usr/local/texlive/2014/texmf-dist/tex/generic/xkeyval/xkeyval.tex
\XKV@toks=\toks14
\XKV@tempa@toks=\toks15
\XKV@depth=\count79
File: xkeyval.tex 2014/05/09 v2.6d key=value parser (HA)

(/usr/local/texlive/2014/texmf-dist/tex/generic/xkeyval/keyval.tex)))
(/usr/local/texlive/2014/texmf-dist/tex/latex/xifthen/xifthen.sty
Package: xifthen 2009/04/17 v1.3 Extended ifthen features

(/usr/local/texlive/2014/texmf-dist/tex/latex/etex-pkg/etex.sty
Package: etex 1998/03/26 v2.0 eTeX basic definition package (PEB)
\et@xins=\count80
)
(/usr/local/texlive/2014/texmf-dist/tex/latex/tools/calc.sty
Package: calc 2007/08/22 v4.3 Infix arithmetic (KKT,FJ)
\calc@Acount=\count81
\calc@Bcount=\count82
\calc@Adimen=\dimen102
\calc@Bdimen=\dimen103
\calc@Askip=\skip41
\calc@Bskip=\skip42
LaTeX Info: Redefining \setlength on input line 75.
LaTeX Info: Redefining \addtolength on input line 76.
\calc@Ccount=\count83
\calc@Cskip=\skip43
)
(/usr/local/texlive/2014/texmf-dist/tex/latex/base/ifthen.sty
Package: ifthen 2001/05/26 v1.1c Standard LaTeX ifthen package (DPC)
)
(/usr/local/texlive/2014/texmf-dist/tex/latex/ifmtarg/ifmtarg.sty
Package: ifmtarg 2009/09/02 v1.2a check for an empty argument
))
Class tufte-book Info: Loading the base class `book'.

(/usr/local/texlive/2014/texmf-dist/tex/latex/base/book.cls
Document Class: book 2007/10/19 v1.4h Standard LaTeX document class
(/usr/local/texlive/2014/texmf-dist/tex/latex/base/bk10.clo
File: bk10.clo 2007/10/19 v1.4h Standard LaTeX file (size option)
)
\c@part=\count84
\c@chapter=\count85
\c@section=\count86
\c@subsection=\count87
\c@subsubsection=\count88
\c@paragraph=\count89
\c@subparagraph=\count90
\c@figure=\count91
\c@table=\count92
\abovecaptionskip=\skip44
\belowcaptionskip=\skip45
\bibindent=\dimen104
)
(/usr/local/texlive/2014/texmf-dist/tex/generic/oberdiek/ifpdf.sty
Package: ifpdf 2011/01/30 v2.3 Provides the ifpdf switch (HO)
Package ifpdf Info: pdfTeX in PDF mode is detected.
)
(/usr/local/texlive/2014/texmf-dist/tex/generic/ifxetex/ifxetex.sty
Package: ifxetex 2010/09/12 v0.6 Provides ifxetex conditional
)
(/usr/local/texlive/2014/texmf-dist/tex/latex/titlesec/titlesec.sty
Package: titlesec 2011/12/15 v2.10.0 Sectioning titles
\ttl@box=\box26
\beforetitleunit=\skip46
\aftertitleunit=\skip47
\ttl@plus=\dimen105
\ttl@minus=\dimen106
\ttl@toksa=\toks16
\titlewidth=\dimen107
\titlewidthlast=\dimen108
\titlewidthfirst=\dimen109
)
(/usr/local/texlive/2014/texmf-dist/tex/latex/titlesec/titletoc.sty
Package: titletoc 2011/12/15 v1.6 TOC entries
\ttl@leftsep=\dimen110
)
(/usr/local/texlive/2014/texmf-dist/tex/latex/hyperref/hyperref.sty
Package: hyperref 2012/11/06 v6.83m Hypertext links for LaTeX

(/usr/local/texlive/2014/texmf-dist/tex/generic/oberdiek/hobsub-hyperref.sty
Package: hobsub-hyperref 2012/05/28 v1.13 Bundle oberdiek, subset hyperref (HO)


(/usr/local/texlive/2014/texmf-dist/tex/generic/oberdiek/hobsub-generic.sty
Package: hobsub-generic 2012/05/28 v1.13 Bundle oberdiek, subset generic (HO)
Package: hobsub 2012/05/28 v1.13 Construct package bundles (HO)
Package: infwarerr 2010/04/08 v1.3 Providing info/warning/error messages (HO)
Package: ltxcmds 2011/11/09 v1.22 LaTeX kernel commands for general use (HO)
Package: ifluatex 2010/03/01 v1.3 Provides the ifluatex switch (HO)
Package ifluatex Info: LuaTeX not detected.
Package: ifvtex 2010/03/01 v1.5 Detect VTeX and its facilities (HO)
Package ifvtex Info: VTeX not detected.
Package: intcalc 2007/09/27 v1.1 Expandable calculations with integers (HO)
Package hobsub Info: Skipping package `ifpdf' (already loaded).
Package: etexcmds 2011/02/16 v1.5 Avoid name clashes with e-TeX commands (HO)
Package etexcmds Info: Could not find \expanded.
(etexcmds)             That can mean that you are not using pdfTeX 1.50 or
(etexcmds)             that some package has redefined \expanded.
(etexcmds)             In the latter case, load this package earlier.
Package: kvsetkeys 2012/04/25 v1.16 Key value parser (HO)
Package: kvdefinekeys 2011/04/07 v1.3 Define keys (HO)
Package: pdftexcmds 2011/11/29 v0.20 Utility functions of pdfTeX for LuaTeX (HO
)
Package pdftexcmds Info: LuaTeX not detected.
Package pdftexcmds Info: \pdf@primitive is available.
Package pdftexcmds Info: \pdf@ifprimitive is available.
Package pdftexcmds Info: \pdfdraftmode found.
Package: pdfescape 2011/11/25 v1.13 Implements pdfTeX's escape features (HO)
Package: bigintcalc 2012/04/08 v1.3 Expandable calculations on big integers (HO
)
Package: bitset 2011/01/30 v1.1 Handle bit-vector datatype (HO)
Package: uniquecounter 2011/01/30 v1.2 Provide unlimited unique counter (HO)
)
Package hobsub Info: Skipping package `hobsub' (already loaded).
Package: letltxmacro 2010/09/02 v1.4 Let assignment for LaTeX macros (HO)
Package: hopatch 2012/05/28 v1.2 Wrapper for package hooks (HO)
Package: xcolor-patch 2011/01/30 xcolor patch
Package: atveryend 2011/06/30 v1.8 Hooks at the very end of document (HO)
Package atveryend Info: \enddocument detected (standard20110627).
Package: atbegshi 2011/10/05 v1.16 At begin shipout hook (HO)
Package: refcount 2011/10/16 v3.4 Data extraction from label references (HO)
Package: hycolor 2011/01/30 v1.7 Color options for hyperref/bookmark (HO)
)
(/usr/local/texlive/2014/texmf-dist/tex/latex/oberdiek/auxhook.sty
Package: auxhook 2011/03/04 v1.3 Hooks for auxiliary files (HO)
)
(/usr/local/texlive/2014/texmf-dist/tex/latex/oberdiek/kvoptions.sty
Package: kvoptions 2011/06/30 v3.11 Key value format for package options (HO)
)
\@linkdim=\dimen111
\Hy@linkcounter=\count93
\Hy@pagecounter=\count94

(/usr/local/texlive/2014/texmf-dist/tex/latex/hyperref/pd1enc.def
File: pd1enc.def 2012/11/06 v6.83m Hyperref: PDFDocEncoding definition (HO)
)
\Hy@SavedSpaceFactor=\count95

(/usr/local/texlive/2014/texmf-dist/tex/latex/latexconfig/hyperref.cfg
File: hyperref.cfg 2002/06/06 v1.2 hyperref configuration of TeXLive
)
Package hyperref Info: Option `unicode' set `true' on input line 4319.

(/usr/local/texlive/2014/texmf-dist/tex/latex/hyperref/puenc.def
File: puenc.def 2012/11/06 v6.83m Hyperref: PDF Unicode definition (HO)
)
Package hyperref Info: Option `hyperfootnotes' set `false' on input line 4319.
Package hyperref Info: Hyper figures OFF on input line 4443.
Package hyperref Info: Link nesting OFF on input line 4448.
Package hyperref Info: Hyper index ON on input line 4451.
Package hyperref Info: Plain pages OFF on input line 4458.
Package hyperref Info: Backreferencing OFF on input line 4463.
Package hyperref Info: Implicit mode ON; LaTeX internals redefined.
Package hyperref Info: Bookmarks ON on input line 4688.
\c@Hy@tempcnt=\count96

(/usr/local/texlive/2014/texmf-dist/tex/latex/url/url.sty
\Urlmuskip=\muskip10
Package: url 2013/09/16  ver 3.4  Verb mode for urls, etc.
)
LaTeX Info: Redefining \url on input line 5041.
\XeTeXLinkMargin=\dimen112
\Fld@menulength=\count97
\Field@Width=\dimen113
\Fld@charsize=\dimen114
Package hyperref Info: Hyper figures OFF on input line 6295.
Package hyperref Info: Link nesting OFF on input line 6300.
Package hyperref Info: Hyper index ON on input line 6303.
Package hyperref Info: backreferencing OFF on input line 6310.
Package hyperref Info: Link coloring OFF on input line 6315.
Package hyperref Info: Link coloring with OCG OFF on input line 6320.
Package hyperref Info: PDF/A mode OFF on input line 6325.
LaTeX Info: Redefining \ref on input line 6365.
LaTeX Info: Redefining \pageref on input line 6369.
\Hy@abspage=\count98
\c@Item=\count99
)

Package hyperref Message: Driver (autodetected): hpdftex.

(/usr/local/texlive/2014/texmf-dist/tex/latex/hyperref/hpdftex.def
File: hpdftex.def 2012/11/06 v6.83m Hyperref driver for pdfTeX
\Fld@listcount=\count100
\c@bookmark@seq@number=\count101

(/usr/local/texlive/2014/texmf-dist/tex/latex/oberdiek/rerunfilecheck.sty
Package: rerunfilecheck 2011/04/15 v1.7 Rerun checks for auxiliary files (HO)
Package uniquecounter Info: New unique counter `rerunfilecheck' on input line 2
82.
)
\Hy@SectionHShift=\skip48
)

Package hyperref Warning: Option `pagecolor' is not available anymore.

(/usr/local/texlive/2014/texmf-dist/tex/latex/ms/ragged2e.sty
Package: ragged2e 2009/05/21 v2.1 ragged2e Package (MS)

(/usr/local/texlive/2014/texmf-dist/tex/latex/ms/everysel.sty
Package: everysel 2011/10/28 v1.2 EverySelectfont Package (MS)
)
\CenteringLeftskip=\skip49
\RaggedLeftLeftskip=\skip50
\RaggedRightLeftskip=\skip51
\CenteringRightskip=\skip52
\RaggedLeftRightskip=\skip53
\RaggedRightRightskip=\skip54
\CenteringParfillskip=\skip55
\RaggedLeftParfillskip=\skip56
\RaggedRightParfillskip=\skip57
\JustifyingParfillskip=\skip58
\CenteringParindent=\skip59
\RaggedLeftParindent=\skip60
\RaggedRightParindent=\skip61
\JustifyingParindent=\skip62
)
(/usr/local/texlive/2014/texmf-dist/tex/latex/geometry/geometry.sty
Package: geometry 2010/09/12 v5.6 Page Geometry
\Gm@cnth=\count102
\Gm@cntv=\count103
\c@Gm@tempcnt=\count104
\Gm@bindingoffset=\dimen115
\Gm@wd@mp=\dimen116
\Gm@odd@mp=\dimen117
\Gm@even@mp=\dimen118
\Gm@layoutwidth=\dimen119
\Gm@layoutheight=\dimen120
\Gm@layouthoffset=\dimen121
\Gm@layoutvoffset=\dimen122
\Gm@dimlist=\toks17

(/Users/bblais/Library/texmf/tex/inputs/geometry.cfg))
(/usr/local/texlive/2014/texmf-dist/tex/latex/changepage/changepage.sty
Package: changepage 2009/10/20 v1.0c check page and change page layout
\c@cp@cntr=\count105
\cp@tempcnt=\count106
)
\@tufte@overhang=\skip63
\@tufte@fullwidth=\skip64
\@tufte@caption@fill=\skip65

(/usr/local/texlive/2014/texmf-dist/tex/latex/paralist/paralist.sty
Package: paralist 2013/06/09 v2.4 Extended list environments
\pltopsep=\skip66
\plpartopsep=\skip67
\plitemsep=\skip68
\plparsep=\skip69
\pl@lab=\toks18
)
(/usr/local/texlive/2014/texmf-dist/tex/latex/textcase/textcase.sty
Package: textcase 2004/10/07 v0.07 Text only upper/lower case changing (DPC)
)
(/usr/local/texlive/2014/texmf-dist/tex/latex/microtype/letterspace.sty
Package: letterspace 2013/05/23 v2.5a Robust letterspacing (RS)
LaTeX Info: Redefining \lsstyle on input line 307.
LaTeX Info: Redefining \lslig on input line 308.
LaTeX Info: Redefining \textls on input line 333.
\MT@outer@kern=\dimen123
)
(/usr/local/texlive/2014/texmf-dist/tex/latex/setspace/setspace.sty
Package: setspace 2011/12/19 v6.7a set line spacing
)
(/usr/local/texlive/2014/texmf-dist/tex/latex/natbib/natbib.sty
Package: natbib 2010/09/13 8.31b (PWD, AO)
\bibhang=\skip70
\bibsep=\skip71
LaTeX Info: Redefining \cite on input line 694.
\c@NAT@ctr=\count107
)
(/usr/local/texlive/2014/texmf-dist/tex/latex/natbib/bibentry.sty
Package: bibentry 2007/10/30 1.5 (PWD)
) (./main.bbl)
\c@@tufte@num@bibkeys=\count108
(/usr/local/texlive/2014/texmf-dist/tex/latex/sauerj/optparams.sty
Package: optparams 2004/08/14 v0.9 multiple optional parameters in macros
)
\@tufte@sidenote@vertical@offset=\skip72

(/usr/local/texlive/2014/texmf-dist/tex/latex/placeins/placeins.sty
Package: placeins 2005/04/18  v 2.2
)
\@tufte@margin@floatbox=\box27
\@tufte@figure@box=\box28
\@tufte@caption@box=\box29
\@tufte@caption@vertical@offset=\skip73
\@tufte@float@contents@width=\skip74

(/usr/local/texlive/2014/texmf-dist/tex/latex/psnfss/mathpazo.sty
Package: mathpazo 2005/04/12 PSNFSS-v9.2a Palatino w/ Pazo Math (D.Puga, WaS) 
\symupright=\mathgroup4
)
(/usr/local/texlive/2014/texmf-dist/tex/latex/psnfss/helvet.sty
Package: helvet 2005/04/12 PSNFSS-v9.2a (WaS) 
)
(/usr/local/texlive/2014/texmf-dist/tex/latex/bera/beramono.sty
Package: beramono 2004/01/31 (WaS)
)
(/usr/local/texlive/2014/texmf-dist/tex/latex/base/fontenc.sty
Package: fontenc 2005/09/27 v1.99g Standard LaTeX package

(/usr/local/texlive/2014/texmf-dist/tex/latex/base/t1enc.def
File: t1enc.def 2005/09/27 v1.99g Standard LaTeX file
LaTeX Font Info:    Redeclaring font encoding T1 on input line 43.
))
(/usr/local/texlive/2014/texmf-dist/tex/latex/base/textcomp.sty
Package: textcomp 2005/09/27 v1.99g Standard LaTeX package
Package textcomp Info: Sub-encoding information:
(textcomp)               5 = only ISO-Adobe without \textcurrency
(textcomp)               4 = 5 + \texteuro
(textcomp)               3 = 4 + \textohm
(textcomp)               2 = 3 + \textestimated + \textcurrency
(textcomp)               1 = TS1 - \textcircled - \t
(textcomp)               0 = TS1 (full)
(textcomp)             Font families with sub-encoding setting implement
(textcomp)             only a restricted character set as indicated.
(textcomp)             Family '?' is the default used for unknown fonts.
(textcomp)             See the documentation for details.
Package textcomp Info: Setting ? sub-encoding to TS1/1 on input line 71.

(/usr/local/texlive/2014/texmf-dist/tex/latex/base/ts1enc.def
File: ts1enc.def 2001/06/05 v3.0e (jk/car/fm) Standard LaTeX file
)
LaTeX Info: Redefining \oldstylenums on input line 266.
Package textcomp Info: Setting cmr sub-encoding to TS1/0 on input line 281.
Package textcomp Info: Setting cmss sub-encoding to TS1/0 on input line 282.
Package textcomp Info: Setting cmtt sub-encoding to TS1/0 on input line 283.
Package textcomp Info: Setting cmvtt sub-encoding to TS1/0 on input line 284.
Package textcomp Info: Setting cmbr sub-encoding to TS1/0 on input line 285.
Package textcomp Info: Setting cmtl sub-encoding to TS1/0 on input line 286.
Package textcomp Info: Setting ccr sub-encoding to TS1/0 on input line 287.
Package textcomp Info: Setting ptm sub-encoding to TS1/4 on input line 288.
Package textcomp Info: Setting pcr sub-encoding to TS1/4 on input line 289.
Package textcomp Info: Setting phv sub-encoding to TS1/4 on input line 290.
Package textcomp Info: Setting ppl sub-encoding to TS1/3 on input line 291.
Package textcomp Info: Setting pag sub-encoding to TS1/4 on input line 292.
Package textcomp Info: Setting pbk sub-encoding to TS1/4 on input line 293.
Package textcomp Info: Setting pnc sub-encoding to TS1/4 on input line 294.
Package textcomp Info: Setting pzc sub-encoding to TS1/4 on input line 295.
Package textcomp Info: Setting bch sub-encoding to TS1/4 on input line 296.
Package textcomp Info: Setting put sub-encoding to TS1/5 on input line 297.
Package textcomp Info: Setting uag sub-encoding to TS1/5 on input line 298.
Package textcomp Info: Setting ugq sub-encoding to TS1/5 on input line 299.
Package textcomp Info: Setting ul8 sub-encoding to TS1/4 on input line 300.
Package textcomp Info: Setting ul9 sub-encoding to TS1/4 on input line 301.
Package textcomp Info: Setting augie sub-encoding to TS1/5 on input line 302.
Package textcomp Info: Setting dayrom sub-encoding to TS1/3 on input line 303.
Package textcomp Info: Setting dayroms sub-encoding to TS1/3 on input line 304.

Package textcomp Info: Setting pxr sub-encoding to TS1/0 on input line 305.
Package textcomp Info: Setting pxss sub-encoding to TS1/0 on input line 306.
Package textcomp Info: Setting pxtt sub-encoding to TS1/0 on input line 307.
Package textcomp Info: Setting txr sub-encoding to TS1/0 on input line 308.
Package textcomp Info: Setting txss sub-encoding to TS1/0 on input line 309.
Package textcomp Info: Setting txtt sub-encoding to TS1/0 on input line 310.
Package textcomp Info: Setting lmr sub-encoding to TS1/0 on input line 311.
Package textcomp Info: Setting lmdh sub-encoding to TS1/0 on input line 312.
Package textcomp Info: Setting lmss sub-encoding to TS1/0 on input line 313.
Package textcomp Info: Setting lmssq sub-encoding to TS1/0 on input line 314.
Package textcomp Info: Setting lmvtt sub-encoding to TS1/0 on input line 315.
Package textcomp Info: Setting qhv sub-encoding to TS1/0 on input line 316.
Package textcomp Info: Setting qag sub-encoding to TS1/0 on input line 317.
Package textcomp Info: Setting qbk sub-encoding to TS1/0 on input line 318.
Package textcomp Info: Setting qcr sub-encoding to TS1/0 on input line 319.
Package textcomp Info: Setting qcs sub-encoding to TS1/0 on input line 320.
Package textcomp Info: Setting qpl sub-encoding to TS1/0 on input line 321.
Package textcomp Info: Setting qtm sub-encoding to TS1/0 on input line 322.
Package textcomp Info: Setting qzc sub-encoding to TS1/0 on input line 323.
Package textcomp Info: Setting qhvc sub-encoding to TS1/0 on input line 324.
Package textcomp Info: Setting futs sub-encoding to TS1/4 on input line 325.
Package textcomp Info: Setting futx sub-encoding to TS1/4 on input line 326.
Package textcomp Info: Setting futj sub-encoding to TS1/4 on input line 327.
Package textcomp Info: Setting hlh sub-encoding to TS1/3 on input line 328.
Package textcomp Info: Setting hls sub-encoding to TS1/3 on input line 329.
Package textcomp Info: Setting hlst sub-encoding to TS1/3 on input line 330.
Package textcomp Info: Setting hlct sub-encoding to TS1/5 on input line 331.
Package textcomp Info: Setting hlx sub-encoding to TS1/5 on input line 332.
Package textcomp Info: Setting hlce sub-encoding to TS1/5 on input line 333.
Package textcomp Info: Setting hlcn sub-encoding to TS1/5 on input line 334.
Package textcomp Info: Setting hlcw sub-encoding to TS1/5 on input line 335.
Package textcomp Info: Setting hlcf sub-encoding to TS1/5 on input line 336.
Package textcomp Info: Setting pplx sub-encoding to TS1/3 on input line 337.
Package textcomp Info: Setting pplj sub-encoding to TS1/3 on input line 338.
Package textcomp Info: Setting ptmx sub-encoding to TS1/4 on input line 339.
Package textcomp Info: Setting ptmj sub-encoding to TS1/4 on input line 340.
)
(/usr/local/texlive/2014/texmf-dist/tex/latex/fancyhdr/fancyhdr.sty
\fancy@headwidth=\skip75
\f@ncyO@elh=\skip76
\f@ncyO@erh=\skip77
\f@ncyO@olh=\skip78
\f@ncyO@orh=\skip79
\f@ncyO@elf=\skip80
\f@ncyO@erf=\skip81
\f@ncyO@olf=\skip82
\f@ncyO@orf=\skip83
)
(/usr/local/texlive/2014/texmf-dist/tex/latex/xcolor/xcolor.sty
Package: xcolor 2007/01/21 v2.11 LaTeX color extensions (UK)

(/usr/local/texlive/2014/texmf-dist/tex/latex/latexconfig/color.cfg
File: color.cfg 2007/01/18 v1.5 color configuration of teTeX/TeXLive
)
Package xcolor Info: Package option `usenames' ignored on input line 216.
Package xcolor Info: Driver file: pdftex.def on input line 225.

(/usr/local/texlive/2014/texmf-dist/tex/latex/pdftex-def/pdftex.def
File: pdftex.def 2011/05/27 v0.06d Graphics/color for pdfTeX
\Gread@gobject=\count109
)
Package xcolor Info: Model `cmy' substituted by `cmy0' on input line 1337.
Package xcolor Info: Model `hsb' substituted by `rgb' on input line 1341.
Package xcolor Info: Model `RGB' extended on input line 1353.
Package xcolor Info: Model `HTML' substituted by `rgb' on input line 1355.
Package xcolor Info: Model `Hsb' substituted by `hsb' on input line 1356.
Package xcolor Info: Model `tHsb' substituted by `hsb' on input line 1357.
Package xcolor Info: Model `HSB' substituted by `hsb' on input line 1358.
Package xcolor Info: Model `Gray' substituted by `gray' on input line 1359.
Package xcolor Info: Model `wave' substituted by `hsb' on input line 1360.

(/usr/local/texlive/2014/texmf-dist/tex/latex/graphics/dvipsnam.def
File: dvipsnam.def 2014/04/23 v3.0j Driver-dependant file (DPC,SPQR)
)
(/usr/local/texlive/2014/texmf-dist/tex/latex/xcolor/svgnam.def
File: svgnam.def 2007/01/21 v2.11 Predefined colors according to SVG 1.1 (UK)
))
\langwohyphens=\language79

(/usr/local/texlive/2014/texmf-dist/tex/latex/tools/multicol.sty
Package: multicol 2014/04/23 v1.8e multicolumn formatting (FMi)
\c@tracingmulticols=\count110
\mult@box=\box30
\multicol@leftmargin=\dimen124
\c@unbalance=\count111
\c@collectmore=\count112
\doublecol@number=\count113
\multicoltolerance=\count114
\multicolpretolerance=\count115
\full@width=\dimen125
\page@free=\dimen126
\premulticols=\dimen127
\postmulticols=\dimen128
\multicolsep=\skip84
\multicolbaselineskip=\skip85
\partial@page=\box31
\last@line=\box32
\maxbalancingoverflow=\dimen129
\mult@rightbox=\box33
\mult@grightbox=\box34
\mult@gfirstbox=\box35
\mult@firstbox=\box36
\@tempa=\box37
\@tempa=\box38
\@tempa=\box39
\@tempa=\box40
\@tempa=\box41
\@tempa=\box42
\@tempa=\box43
\@tempa=\box44
\@tempa=\box45
\@tempa=\box46
\@tempa=\box47
\@tempa=\box48
\@tempa=\box49
\@tempa=\box50
\@tempa=\box51
\@tempa=\box52
\@tempa=\box53
\c@columnbadness=\count116
\c@finalcolumnbadness=\count117
\last@try=\dimen130
\multicolovershoot=\dimen131
\multicolundershoot=\dimen132
\mult@nat@firstbox=\box54
\colbreak@box=\box55
\mc@col@check@num=\count118
)
(/Users/bblais/Library/texmf/tex/inputs/tufte-latex-3.5.0/tufte-common-local.te
x)
Class tufte-book Info: Loading tufte-common-local.tex.
)) (./mystyle-tufte.sty

LaTeX Warning: You have requested package `mystyle-tufte',
               but the package provides `mystyle'.

Package: mystyle 
(/usr/local/texlive/2014/texmf-dist/tex/latex/listings/listings.sty
\lst@mode=\count119
\lst@gtempboxa=\box56
\lst@token=\toks19
\lst@length=\count120
\lst@currlwidth=\dimen133
\lst@column=\count121
\lst@pos=\count122
\lst@lostspace=\dimen134
\lst@width=\dimen135
\lst@newlines=\count123
\lst@lineno=\count124
\lst@maxwidth=\dimen136

(/usr/local/texlive/2014/texmf-dist/tex/latex/listings/lstmisc.sty
File: lstmisc.sty 2014/03/04 1.5c (Carsten Heinz)
\c@lstnumber=\count125
\lst@skipnumbers=\count126
\lst@framebox=\box57
)
(/usr/local/texlive/2014/texmf-dist/tex/latex/listings/listings.cfg
File: listings.cfg 2014/03/04 1.5c listings configuration
))
Package: listings 2014/03/04 1.5c (Carsten Heinz)

(/usr/local/texlive/2014/texmf-dist/tex/latex/listings/lstlang1.sty
File: lstlang1.sty 2014/03/04 1.5c listings language file
)
Package hyperref Info: Option `colorlinks' set `true' on input line 21.

(/usr/local/texlive/2014/texmf-dist/tex/latex/ntheorem/ntheorem.sty
Style `ntheorem', Version 1.33 <2011/08/15>
Package: ntheorem 2011/08/15 1.33
\theorem@style=\toks20
\theorem@@style=\toks21
\theorembodyfont=\toks22
\theoremnumbering=\toks23
\theorempreskipamount=\skip86
\theorempostskipamount=\skip87
\theoremframepreskipamount=\skip88
\theoremframepostskipamount=\skip89
\theoreminframepreskipamount=\skip90
\theoreminframepostskipamount=\skip91
\theorem@preskip=\toks24
\theorem@postskip=\toks25
\theorem@framepreskip=\toks26
\theorem@framepostskip=\toks27
\theorem@inframepreskip=\toks28
\theorem@inframepostskip=\toks29
\theoremindent=\dimen137
\theorem@indent=\dimen138
\theoremrightindent=\dimen139
\theorem@rightindent=\dimen140
\theoremheaderfont=\toks30
\theoremseparator=\toks31
\theoremprework=\toks32
\theorempostwork=\toks33
\theoremsymbol=\toks34
\qedsymbol=\toks35
\theoremkeyword=\toks36
\qedsymbol=\toks37
\thm@topsep=\skip92
\thm@topsepadd=\skip93
) (/usr/local/texlive/2014/texmf-dist/tex/latex/booktabs/booktabs.sty
Package: booktabs 2005/04/14 v1.61803 publication quality tables
\heavyrulewidth=\dimen141
\lightrulewidth=\dimen142
\cmidrulewidth=\dimen143
\belowrulesep=\dimen144
\belowbottomsep=\dimen145
\aboverulesep=\dimen146
\abovetopsep=\dimen147
\cmidrulesep=\dimen148
\cmidrulekern=\dimen149
\defaultaddspace=\dimen150
\@cmidla=\count127
\@cmidlb=\count128
\@aboverulesep=\dimen151
\@belowrulesep=\dimen152
\@thisruleclass=\count129
\@lastruleclass=\count130
\@thisrulewidth=\dimen153
)
(/usr/local/texlive/2014/texmf-dist/tex/latex/lipsum/lipsum.sty
Package: lipsum 2011/04/14 v1.2 150 paragraphs of Lorem Ipsum dummy text
\c@lips@count=\count131
)
(/usr/local/texlive/2014/texmf-dist/tex/latex/graphics/graphicx.sty
Package: graphicx 2014/04/25 v1.0g Enhanced LaTeX Graphics (DPC,SPQR)

(/usr/local/texlive/2014/texmf-dist/tex/latex/graphics/graphics.sty
Package: graphics 2009/02/05 v1.0o Standard LaTeX Graphics (DPC,SPQR)

(/usr/local/texlive/2014/texmf-dist/tex/latex/graphics/trig.sty
Package: trig 1999/03/16 v1.09 sin cos tan (DPC)
)
(/usr/local/texlive/2014/texmf-dist/tex/latex/latexconfig/graphics.cfg
File: graphics.cfg 2010/04/23 v1.9 graphics configuration of TeX Live
)
Package graphics Info: Driver file: pdftex.def on input line 91.
)
\Gin@req@height=\dimen154
\Gin@req@width=\dimen155
)
(/usr/local/texlive/2014/texmf-dist/tex/latex/fancyvrb/fancyvrb.sty
Package: fancyvrb 2008/02/07

Style option: `fancyvrb' v2.7a, with DG/SPQR fixes, and firstline=lastline fix 
<2008/02/07> (tvz)
\FV@CodeLineNo=\count132
\FV@InFile=\read1
\FV@TabBox=\box58
\c@FancyVerbLine=\count133
\FV@StepNumber=\count134
\FV@OutFile=\write3
)
(/usr/local/texlive/2014/texmf-dist/tex/latex/tools/xspace.sty
Package: xspace 2009/10/20 v1.13 Space after command names (DPC,MH)
)
(/usr/local/texlive/2014/texmf-dist/tex/latex/titlesec/block.tss
File: block.tss 2011/12/15
)
(/usr/local/texlive/2014/texmf-dist/tex/latex/units/units.sty
Package: units 1998/08/04 v0.9b Typesetting units

(/usr/local/texlive/2014/texmf-dist/tex/latex/units/nicefrac.sty
Package: nicefrac 1998/08/04 v0.9b Nice fractions
\L@UnitsRaiseDisplaystyle=\skip94
\L@UnitsRaiseTextstyle=\skip95
\L@UnitsRaiseScriptstyle=\skip96
))
(/usr/local/texlive/2014/texmf-dist/tex/latex/base/makeidx.sty
Package: makeidx 2000/03/29 v1.0m Standard LaTeX package
)
\@indexfile=\write4
\openout4 = `main.idx'.


Writing index file main.idx
\symextraup=\mathgroup5
\c@definition=\count135
\c@myexample=\count136
\c@myexercise=\count137
\m=\count138
\n=\count139
) (./main.aux (./frontmatter.aux) (./chap-introduction.aux)
(./chap-simple-applications.aux) (./chap-faith.aux) (./chap-miracles.aux)
(./chap-resurrection.aux

LaTeX Warning: Label `notes' multiply defined.

) (./chap-historical-methods.aux) (./appendix-test.aux))
\openout1 = `main.aux'.

LaTeX Font Info:    Checking defaults for OML/cmm/m/it on input line 27.
LaTeX Font Info:    ... okay on input line 27.
LaTeX Font Info:    Checking defaults for T1/cmr/m/n on input line 27.
LaTeX Font Info:    ... okay on input line 27.
LaTeX Font Info:    Checking defaults for OT1/cmr/m/n on input line 27.
LaTeX Font Info:    ... okay on input line 27.
LaTeX Font Info:    Checking defaults for OMS/cmsy/m/n on input line 27.
LaTeX Font Info:    ... okay on input line 27.
LaTeX Font Info:    Checking defaults for OMX/cmex/m/n on input line 27.
LaTeX Font Info:    ... okay on input line 27.
LaTeX Font Info:    Checking defaults for U/cmr/m/n on input line 27.
LaTeX Font Info:    ... okay on input line 27.
LaTeX Font Info:    Checking defaults for PD1/pdf/m/n on input line 27.
LaTeX Font Info:    ... okay on input line 27.
LaTeX Font Info:    Checking defaults for PU/pdf/m/n on input line 27.
LaTeX Font Info:    ... okay on input line 27.
LaTeX Font Info:    Checking defaults for TS1/cmr/m/n on input line 27.
LaTeX Font Info:    Try loading font information for TS1+cmr on input line 27.

(/usr/local/texlive/2014/texmf-dist/tex/latex/base/ts1cmr.fd
File: ts1cmr.fd 1999/05/25 v2.5h Standard LaTeX font definitions
)
LaTeX Font Info:    ... okay on input line 27.
LaTeX Font Info:    Try loading font information for T1+pplj on input line 27.

(/usr/local/texlive/2014/texmf-dist/tex/latex/psnfss/t1pplj.fd
File: t1pplj.fd 2004/09/06 font definitions for T1/pplj.
)
\AtBeginShipoutBox=\box59
Package hyperref Info: Link coloring ON on input line 27.

(/usr/local/texlive/2014/texmf-dist/tex/latex/hyperref/nameref.sty
Package: nameref 2012/10/27 v2.43 Cross-referencing by name of section

(/usr/local/texlive/2014/texmf-dist/tex/generic/oberdiek/gettitlestring.sty
Package: gettitlestring 2010/12/03 v1.4 Cleanup title references (HO)
)
\c@section@level=\count140
)
LaTeX Info: Redefining \ref on input line 27.
LaTeX Info: Redefining \pageref on input line 27.
LaTeX Info: Redefining \nameref on input line 27.

(./main.out) (./main.out)
\@outlinefile=\write5
\openout5 = `main.out'.

 ABD: EverySelectfont initializing macros
LaTeX Info: Redefining \selectfont on input line 27.

*geometry* driver: auto-detecting
*geometry* detected driver: pdftex
*geometry* verbose mode - [ preamble ] result:
* driver: pdftex
* paper: letterpaper
* layout: <same size as paper>
* layoutoffset:(h,v)=(0.0pt,0.0pt)
* modes: twoside asymmetric 
* h-part:(L,W,R)=(72.26999pt, 312.0pt, 230.02501pt)
* v-part:(T,H,B)=(72.26999pt, 616.0pt, 106.7pt)
* \paperwidth=614.295pt
* \paperheight=794.96999pt
* \textwidth=312.0pt
* \textheight=616.0pt
* \oddsidemargin=0.0pt
* \evensidemargin=0.0pt
* \topmargin=-42.0pt
* \headheight=14.0pt
* \headsep=28.0pt
* \topskip=10.0pt
* \footskip=25.29494pt
* \marginparwidth=130.08621pt
* \marginparsep=24.0pt
* \columnsep=10.0pt
* \skip\footins=9.0pt plus 4.0pt minus 2.0pt
* \hoffset=0.0pt
* \voffset=0.0pt
* \mag=1000
* \@twocolumnfalse
* \@twosidetrue
* \@mparswitchfalse
* \@reversemarginfalse
* (1in=72.27pt=25.4mm, 1cm=28.453pt)

\big@size=\dimen156
(/usr/local/texlive/2014/texmf-dist/tex/context/base/supp-pdf.mkii
[Loading MPS to PDF converter (version 2006.09.02).]
\scratchcounter=\count141
\scratchdimen=\dimen157
\scratchbox=\box60
\nofMPsegments=\count142
\nofMParguments=\count143
\everyMPshowfont=\toks38
\MPscratchCnt=\count144
\MPscratchDim=\dimen158
\MPnumerator=\count145
\makeMPintoPDFobject=\count146
\everyMPtoPDFconversion=\toks39
)
\c@lstlisting=\count147
 (/usr/local/texlive/2014/texmf-dist/tex/latex/oberdiek/epstopdf-base.sty
Package: epstopdf-base 2010/02/09 v2.5 Base part for package epstopdf

(/usr/local/texlive/2014/texmf-dist/tex/latex/oberdiek/grfext.sty
Package: grfext 2010/08/19 v1.1 Manage graphics extensions (HO)
)
Package grfext Info: Graphics extension search list:
(grfext)             [.png,.pdf,.jpg,.mps,.jpeg,.jbig2,.jb2,.PNG,.PDF,.JPG,.JPE
G,.JBIG2,.JB2,.eps]
(grfext)             \AppendGraphicsExtensions on input line 452.

(/usr/local/texlive/2014/texmf-dist/tex/latex/latexconfig/epstopdf-sys.cfg
File: epstopdf-sys.cfg 2010/07/13 v1.3 Configuration of (r)epstopdf for TeX Liv
e
))
\openout2 = `frontmatter.aux'.


(./frontmatter.tex
LaTeX Font Info:    Try loading font information for T1+phv on input line 4.

(/usr/local/texlive/2014/texmf-dist/tex/latex/psnfss/t1phv.fd
File: t1phv.fd 2001/06/04 scalable font definitions for T1/phv.
)
LaTeX Font Info:    Font shape `T1/phv/m/n' will be
(Font)              scaled to size 8.99994pt on input line 4.
LaTeX Font Info:    Font shape `T1/phv/m/n' will be
(Font)              scaled to size 16.19989pt on input line 4.
LaTeX Font Info:    Font shape `T1/phv/m/n' will be
(Font)              scaled to size 21.59985pt on input line 4.

<../img/cover_draft2.png, id=144, 803.0pt x 602.25pt>
File: ../img/cover_draft2.png Graphic file (type png)

<use ../img/cover_draft2.png>
Package pdftex.def Info: ../img/cover_draft2.png used on input line 4.
(pdftex.def)             Requested size: 466.09566pt x 349.57173pt.

Overfull \hbox (12.00945pt too wide) in paragraph at lines 4--4
[][]  
 []

[1




{/usr/local/texlive/2014/texmf-var/fonts/map/pdftex/updmap/pdftex.map} <../img/
cover_draft2.png>]
LaTeX Font Info:    Font shape `T1/phv/m/n' will be
(Font)              scaled to size 9.85492pt on input line 12.

Overfull \hbox (4.4241pt too wide) in paragraph at lines 12--12
[]\T1/phv/m/n/10.95/200ls FAITH IS TAK-ING THE FIRST STEP EVEN WHEN YOU DON'T S
EE THE WHOLE 
 []

[2

]
LaTeX Font Info:    Font shape `T1/phv/m/n' will be
(Font)              scaled to size 12.59991pt on input line 28.
 [3

]
LaTeX Font Info:    Try loading font information for TS1+pplj on input line 38.

 (/usr/local/texlive/2014/texmf-dist/tex/latex/psnfss/ts1pplj.fd
File: ts1pplj.fd 2004/09/06 font definitions for TS1/pplj.
)
LaTeX Font Info:    Try loading font information for T1+fvm on input line 46.

(/usr/local/texlive/2014/texmf-dist/tex/latex/bera/t1fvm.fd
File: t1fvm.fd 2004/09/07 scalable font definitions for T1/fvm.
)
LaTeX Font Info:    Font shape `T1/fvm/m/n' will be
(Font)              scaled to size 8.50006pt on input line 46.
LaTeX Font Info:    Try loading font information for OT1+pplx on input line 46.


(/usr/local/texlive/2014/texmf-dist/tex/latex/psnfss/ot1pplx.fd
File: ot1pplx.fd 2004/09/06 font definitions for OT1/pplx.
)
LaTeX Font Info:    Try loading font information for OML+zplm on input line 46.


(/usr/local/texlive/2014/texmf-dist/tex/latex/psnfss/omlzplm.fd
File: omlzplm.fd 2002/09/08 Fontinst v1.914 font definitions for OML/zplm.
)
LaTeX Font Info:    Try loading font information for OMS+zplm on input line 46.


(/usr/local/texlive/2014/texmf-dist/tex/latex/psnfss/omszplm.fd
File: omszplm.fd 2002/09/08 Fontinst v1.914 font definitions for OMS/zplm.
)
LaTeX Font Info:    Try loading font information for OMX+zplm on input line 46.


(/usr/local/texlive/2014/texmf-dist/tex/latex/psnfss/omxzplm.fd
File: omxzplm.fd 2002/09/08 Fontinst v1.914 font definitions for OMX/zplm.
)
LaTeX Font Info:    Try loading font information for OT1+zplm on input line 46.


(/usr/local/texlive/2014/texmf-dist/tex/latex/psnfss/ot1zplm.fd
File: ot1zplm.fd 2002/09/08 Fontinst v1.914 font definitions for OT1/zplm.
)
LaTeX Font Info:    Try loading font information for U+zavm on input line 46.

(/usr/local/texlive/2014/texmf-dist/tex/latex/arev/uzavm.fd
File: uzavm.fd 2006/05/30 Fontinst v1.929 font definitions for U/zavm.
) [4

] [5

] [6

]
(./main.toc [7

] [8])
\tf@toc=\write6
\openout6 = `main.toc'.

 [9] [10

] (./main.lof
Overfull \hbox (3.43987pt too wide) in paragraph at lines 4--4
 [][] [][][]\T1/pplj/m/n/10 Hypothetical dis-tri-bu-tion of ages for \T1/pplj/m
/it/10 homo sapi-ens\T1/pplj/m/n/10 , with one added
 []

)
\tf@lof=\write7
\openout7 = `main.lof'.

 [11] [12

])
\openout2 = `chap-introduction.aux'.

 (./chap-introduction.tex
Chapter 1.

LaTeX Warning: Marginpar on page 13 moved.


LaTeX Warning: Marginpar on page 13 moved.

[13




]

LaTeX Warning: Marginpar on page 14 moved.


LaTeX Warning: Marginpar on page 14 moved.

[14]

LaTeX Warning: Marginpar on page 15 moved.


Overfull \hbox (3.41515pt too wide) in alignment at lines 51--53
 [][][] []
 []


LaTeX Warning: Marginpar on page 15 moved.


Underfull \hbox (badness 10000) in paragraph at lines 58--58
[]\T1/pplj/m/n/10 ``you will get struck by light-
 []


Underfull \hbox (badness 10000) in paragraph at lines 69--69
[]\T1/pplj/m/n/10 ``you will get struck by
 []


Underfull \hbox (badness 10000) in paragraph at lines 69--69
\T1/pplj/m/n/10 light-ning some-time in
 []

[15]
Underfull \hbox (badness 10000) in paragraph at lines 76--76
[]\T1/pplj/m/n/10 ``a play-ing card drawn
 []


Underfull \hbox (badness 10000) in paragraph at lines 81--81
[]\T1/pplj/m/n/10 ``a play-ing card drawn
 []


Underfull \hbox (badness 10000) in paragraph at lines 82--82
[]\T1/pplj/m/n/10 ``a play-ing card drawn
 []


LaTeX Warning: Marginpar on page 16 moved.

LaTeX Font Info:    Font shape `T1/pplj/bx/n' in size <10> not available
(Font)              Font shape `T1/pplj/b/n' tried instead on input line 90.

Underfull \hbox (badness 10000) in paragraph at lines 92--92
[]\T1/pplj/m/n/10 ``you will get struck by
 []


Underfull \hbox (badness 10000) in paragraph at lines 92--92
\T1/pplj/m/n/10 light-ning some-time in
 []


Underfull \hbox (badness 10000) in paragraph at lines 93--93
[]\T1/pplj/m/n/10 ``you like to play golf in
 []

[16]
LaTeX Font Info:    Font shape `T1/pplj/bx/n' in size <8> not available
(Font)              Font shape `T1/pplj/b/n' tried instead on input line 101.


LaTeX Warning: Marginpar on page 17 moved.

[17]

LaTeX Warning: Marginpar on page 18 moved.

[18]
Overfull \hbox (18.32027pt too wide) in alignment at lines 172--177
 [][][] []
 []

[19]

LaTeX Warning: Marginpar on page 20 moved.


LaTeX Warning: Marginpar on page 20 moved.

[20]

LaTeX Warning: Marginpar on page 21 moved.


Underfull \hbox (badness 10000) in paragraph at lines 207--207
[]\T1/pplj/m/n/10 broken up into the
 []


Underfull \hbox (badness 10000) in paragraph at lines 207--207
\T1/pplj/m/n/10 four pos-si-bil-i-ties from
 []


Overfull \hbox (112.43866pt too wide) in alignment at lines 214--217
 [][][] []
 []

[21]

LaTeX Warning: Marginpar on page 22 moved.

[22]

LaTeX Warning: Marginpar on page 23 moved.


LaTeX Warning: Marginpar on page 23 moved.


LaTeX Warning: Marginpar on page 23 moved.

[23]

LaTeX Warning: Marginpar on page 24 moved.

[24] [25]

LaTeX Warning: Marginpar on page 26 moved.

) [26]
\openout2 = `chap-simple-applications.aux'.

 (./chap-simple-applications.tex
Chapter 2.

LaTeX Warning: Marginpar on page 27 moved.

[27



] [28] [29]
LaTeX Font Info:    Font shape `T1/fvm/m/n' will be
(Font)              scaled to size 6.80005pt on input line 121.


LaTeX Warning: Marginpar on page 30 moved.

[30]

LaTeX Warning: Marginpar on page 31 moved.

[31]

LaTeX Warning: Marginpar on page 32 moved.

[32]

LaTeX Warning: Marginpar on page 33 moved.

[33]

LaTeX Warning: Marginpar on page 34 moved.

pdfTeX warning (ext4): destination with the same identifier (name{cite.Blais:20
14aa}) has been already used, duplicate ignored
<to be read again> 
                   \relax 
l.329   failure''\cite{Blais:2014aa}
                                    ):

LaTeX Warning: Marginpar on page 34 moved.


LaTeX Warning: Marginpar on page 34 moved.


LaTeX Warning: Marginpar on page 34 moved.


Overfull \hbox (1.38243pt too wide) in alignment at lines 334--338
 [][][] []
 []

[34pdfTeX warning (ext4): destination with the same identifier (name{cite.Hume:
1748aa}) has been already used, duplicate ignored

\AtBegShi@Output ...ipout \box \AtBeginShipoutBox 
                                                  \fi \fi 
l.338 \eeqn
           ] [35]

LaTeX Warning: Marginpar on page 36 moved.

[36] [37] [38]
<../img/blah2-2011-01-29-11-35.png, id=567, 508.90125pt x 306.14375pt>
File: ../img/blah2-2011-01-29-11-35.png Graphic file (type png)

<use ../img/blah2-2011-01-29-11-35.png>
Package pdftex.def Info: ../img/blah2-2011-01-29-11-35.png used on input line 5
59.
(pdftex.def)             Requested size: 312.01341pt x 187.70036pt.

Underfull \vbox (badness 1895) has occurred while \output is active []

 [39]
<../img/blah3-2011-01-29-11-35.png, id=573, 513.92pt x 308.15125pt>
File: ../img/blah3-2011-01-29-11-35.png Graphic file (type png)

<use ../img/blah3-2011-01-29-11-35.png>
Package pdftex.def Info: ../img/blah3-2011-01-29-11-35.png used on input line 5
81.
(pdftex.def)             Requested size: 312.0008pt x 187.0786pt.
 [40 <../img/blah2-2011-01-29-11-35.png> <../img/blah3-2011-01-29-11-35.png>]
Underfull \vbox (badness 1406) has occurred while \output is active []

 [41])
[42]
\openout2 = `chap-faith.aux'.

 (./chap-faith.tex
Chapter 3.

LaTeX Warning: Marginpar on page 43 moved.


LaTeX Warning: Marginpar on page 43 moved.


LaTeX Warning: Marginpar on page 43 moved.


LaTeX Warning: Marginpar on page 43 moved.


LaTeX Warning: Marginpar on page 43 moved.

[43



pdfTeX warning (ext4): destination with the same identifier (name{cite.Brierley
:2014aa}) has been already used, duplicate ignored

\AtBegShi@Output ...ipout \box \AtBeginShipoutBox 
                                                  \fi \fi 
l.27 \ei
        ]pdfTeX warning (ext4): destination with the same identifier (name{cite
.MerriamWebster2009}) has been already used, duplicate ignored
<to be read again> 
                   \relax 
l.33 ...ies.  {\em Trust}\cite{MerriamWebster2009}
                                                   is ``belief that someone ...

LaTeX Warning: Marginpar on page 44 moved.

[44]

LaTeX Warning: Marginpar on page 45 moved.


LaTeX Warning: Marginpar on page 45 moved.


LaTeX Warning: Marginpar on page 45 moved.

[45]

LaTeX Warning: Marginpar on page 46 moved.


LaTeX Warning: Marginpar on page 46 moved.

[46] [47]pdfTeX warning (ext4): destination with the same identifier (name{cite
.Brierley:2014aa}) has been already used, duplicate ignored
<to be read again> 
                   \relax 
l.154 ...lievable}'' podcast\cite{Brierley:2014aa}
                                                   between theist Tim McGrew...

LaTeX Warning: Marginpar on page 48 moved.


Overfull \hbox (18.703pt too wide) in paragraph at lines 160--162
\T1/pplj/m/n/10 Boghossian is fo-cus-ing on the prob-a-bil-i-ties ($\OML/zplm/m
/it/10 P []$\T1/pplj/m/n/10 , $\OML/zplm/m/it/10 P []$\T1/pplj/m/n/10 , 
 []


Overfull \hbox (7.88977pt too wide) in paragraph at lines 160--162
\T1/pplj/m/n/10 etc...) and Mc-Grew is fo-cussing on the util-i-ties ($\OML/zpl
m/m/it/10 U\OT1/zplm/m/n/10 ([]\OMS/zplm/m/n/10 j[]\OT1/zplm/m/n/10 )$\T1/pplj/
m/n/10 , 
 []

[48]
Overfull \hbox (51.27023pt too wide) in alignment at lines 215--220
 [][][] []
 []

[49]
Overfull \hbox (3.09593pt too wide) in paragraph at lines 239--240
[]$\OML/zplm/m/it/10 U [] \OT1/zplm/m/n/10 = \OML/zplm/m/it/10 U [] \OMS/zplm/m
/n/10 ^^X 
 []

[50] [51]

LaTeX Warning: Marginpar on page 52 moved.


LaTeX Warning: Marginpar on page 52 moved.


LaTeX Warning: Marginpar on page 52 moved.

[52]

LaTeX Warning: Marginpar on page 53 moved.

[53] [54] [55]
LaTeX Font Info:    Font shape `T1/pplj/bx/it' in size <9> not available
(Font)              Font shape `T1/pplj/b/it' tried instead on input line 467.
 [56]

LaTeX Warning: Marginpar on page 57 moved.


LaTeX Warning: Marginpar on page 57 moved.

pdfTeX warning (ext4): destination with the same identifier (name{cite.howard20
13propositional}) has been already used, duplicate ignored
<to be read again> 
                   \relax 
l.538 ...nal Faith''\cite{howard2013propositional}
                                                  .  He immediately recogniz...

Underfull \vbox (badness 8151) has occurred while \output is active []

 [57]

LaTeX Warning: Marginpar on page 58 moved.


Overfull \hbox (81.07025pt too wide) in alignment at lines 551--556
 [][][] []
 []


Overfull \hbox (9.60835pt too wide) in paragraph at lines 556--558
\T1/pplj/m/n/10 riage, $\OML/zplm/m/it/10 P [] > P []$\T1/pplj/m/n/10 .  
 []

[58]) [59]
\openout2 = `chap-miracles.aux'.

 (./chap-miracles.tex [60



]
Chapter 4.
pdfTeX warning (ext4): destination with the same identifier (name{cite.Hume:174
8aa}) has been already used, duplicate ignored
<to be read again> 
                   \relax 
l.18 ...'s larger work on reason\cite{Hume:1748aa}
                                                  .  It is also one of the m...

LaTeX Warning: Marginpar on page 61 moved.


LaTeX Warning: Marginpar on page 61 moved.


LaTeX Warning: Marginpar on page 61 moved.


LaTeX Warning: Marginpar on page 61 moved.

[61pdfTeX warning (ext4): destination with the same identifier (name{cite.Brier
ley:2008ab}) has been already used, duplicate ignored

\AtBegShi@Output ...ipout \box \AtBeginShipoutBox 
                                                  \fi \fi 
l.32 \end{eqnarray*}
                    ]

LaTeX Warning: Marginpar on page 62 moved.

[62] [63]
Overfull \hbox (22.44278pt too wide) in paragraph at lines 139--144
\T1/pplj/m/n/10 es-tab-lish-ing only that $\OML/zplm/m/it/10 P\OT1/zplm/m/n/10 
([]\OMS/zplm/m/n/10 j[]\OT1/zplm/m/n/10 ) \OML/zplm/m/it/10 > \OT1/pplx/m/n/10 
0.5$\T1/pplj/m/n/10 . Point (2) is $\OML/zplm/m/it/10 P\OT1/zplm/m/n/10 ([]\OMS
/zplm/m/n/10 j[]\OT1/zplm/m/n/10 ) \OML/zplm/m/it/10 > 
 []

[64] [65] [66] [67] [68] [69] [70] [71]
Overfull \hbox (19.82799pt too wide) in paragraph at lines 660--660
|\T1/pplj/m/it/10.95 Unbelievable? 17 Nov 2007 - Are mir-a-cles ev-i-dence for 
God? - 17 Novem-
 []


Overfull \hbox (15.92967pt too wide) in paragraph at lines 660--660
\T1/pplj/m/it/10.95 ber 2007 -- Mir-a-cles and heal-ing - is it ev-i-dence for 
the truth of Chris-tian-
 []

[72] [73]
LaTeX Font Info:    Font shape `T1/pplj/bx/it' in size <10> not available
(Font)              Font shape `T1/pplj/b/it' tried instead on input line 806.

Underfull \vbox (badness 10000) has occurred while \output is active []

 [74]
Underfull \vbox (badness 10000) has occurred while \output is active []

 [75])
[76]
\openout2 = `chap-resurrection.aux'.

 (./chap-resurrection.tex
Chapter 5.

Package natbib Warning: Citation `swinburne2004existence' undefined on input li
ne 6.

pdfTeX warning (ext4): destination with the same identifier (name{cite.swinburn
e2003resurrection}) has been already used, duplicate ignored
<to be read again> 
                   \relax 
l.6 ...rne2004existence,swinburne2003resurrection}
                                                   that a thorough probabili...

LaTeX Warning: Marginpar on page 77 moved.

[77



] [78] [79] [80] [81]
Overfull \hbox (146.5044pt too wide) in paragraph at lines 151--153
[]\T1/pplj/m/n/9 Get the MP3 pod-cast of Un-be-liev-able?http://ondemand.premie
r.org.uk/unbelievable/AudioFeed.aspxor 
 []

[82] [83]
Underfull \vbox (badness 10000) has occurred while \output is active []

 [84]
[85]

LaTeX Warning: Marginpar on page 86 moved.


LaTeX Warning: Marginpar on page 86 moved.

[86] <../img/fig1.png, id=908, 393.47pt x 262.9825pt>
File: ../img/fig1.png Graphic file (type png)
 <use ../img/fig1.png>
Package pdftex.def Info: ../img/fig1.png used on input line 419.
(pdftex.def)             Requested size: 311.99663pt x 208.52835pt.

Overfull \hbox (11.99663pt too wide) in paragraph at lines 419--420
[][]  
 []

<../img/fig2.png, id=909, 393.47pt x 275.0275pt>
File: ../img/fig2.png Graphic file (type png)
 <use ../img/fig2.png>
Package pdftex.def Info: ../img/fig2.png used on input line 428.
(pdftex.def)             Requested size: 311.99663pt x 218.07927pt.

Overfull \hbox (11.99663pt too wide) in paragraph at lines 428--429
[][]  
 []


Underfull \vbox (badness 10000) has occurred while \output is active []

 [87 <../img/fig1.png>] <../img/fig4.png, id=915, 393.47pt x 275.0275pt>
File: ../img/fig4.png Graphic file (type png)

<use ../img/fig4.png>
Package pdftex.def Info: ../img/fig4.png used on input line 439.
(pdftex.def)             Requested size: 311.99663pt x 218.07927pt.

Overfull \hbox (11.99663pt too wide) in paragraph at lines 439--440
[][]  
 []

[88 <../img/fig2.png> <../img/fig4.png>]

LaTeX Warning: Reference `sec:ockham' on page 89 undefined on input line 451.


LaTeX Warning: Reference `sec:ockham' on page 89 undefined on input line 451.

) [89]
\openout2 = `chap-historical-methods.aux'.

 (./chap-historical-methods.tex [90



]
Chapter 6.
) [91] [92


] (./main.bblpdfTeX warning (ext4): destination with the same identifier (name{
cite.Bannister:aa}) has been already used, duplicate ignored
<to be read again> 
                   \relax 
l.8 \bibitem[Bannister()]{Bannister:aa}
                                       pdfTeX warning (ext4): destination with 
the same identifier (name{cite.Barker:1992aa}) has been already used, duplicate
 ignored
<to be read again> 
                   \relax 
l.14 ...em[Barker and Barker(1992)]{Barker:1992aa}
                                                  pdfTeX warning (ext4): destin
ation with the same identifier (name{cite.Blais:2014aa}) has been already used,
 duplicate ignored
<to be read again> 
                   \relax 
l.21 \bibitem[Blais(2014)]{Blais:2014aa}
                                        pdfTeX warning (ext4): destination with
 the same identifier (name{cite.Brierley:2008ab}) has been already used, duplic
ate ignored
<to be read again> 
                   \relax 
l.26 \bibitem[Brierley(2008)]{Brierley:2008ab}
                                              pdfTeX warning (ext4): destinatio
n with the same identifier (name{cite.Brierley:2014aa}) has been already used, 
duplicate ignored
<to be read again> 
                   \relax 
l.32 ...rley(2014{\natexlab{a}})]{Brierley:2014aa}
                                                  pdfTeX warning (ext4): destin
ation with the same identifier (name{cite.Brierley:2014ab}) has been already us
ed, duplicate ignored
<to be read again> 
                   \relax 
l.39 ...rley(2014{\natexlab{b}})]{Brierley:2014ab}
                                                  pdfTeX warning (ext4): destin
ation with the same identifier (name{cite.davies2007taking}) has been already u
sed, duplicate ignored
<to be read again> 
                   \relax 
l.46 ...[Davies and Tempe(2007)]{davies2007taking}
                                                  pdfTeX warning (ext4): destin
ation with the same identifier (name{cite.Dawkins:aa}) has been already used, d
uplicate ignored
<to be read again> 
                   \relax 
l.51 \bibitem[Dawkins and McGrath()]{Dawkins:aa}
                                                pdfTeX warning (ext4): destinat
ion with the same identifier (name{cite.fine2003plato}) has been already used, 
duplicate ignored
<to be read again> 
                   \relax 
l.56 \bibitem[Fine(2003)]{fine2003plato}
                                        pdfTeX warning (ext4): destination with
 the same identifier (name{cite.geisler2004don}) has been already used, duplica
te ignored
<to be read again> 
                   \relax 
l.61 ...m[Geisler and Turek(2004)]{geisler2004don}
                                                  pdfTeX warning (ext4): destin
ation with the same identifier (name{cite.gould1981evolution}) has been already
 used, duplicate ignored
<to be read again> 
                   \relax 
l.66 \bibitem[Gould(1981)]{gould1981evolution}
                                              pdfTeX warning (ext4): destinatio
n with the same identifier (name{cite.howard2013propositional}) has been alread
y used, duplicate ignored
<to be read again> 
                   \relax 
l.71 ...ard-Snyder(2013)]{howard2013propositional}
                                                  pdfTeX warning (ext4): destin
ation with the same identifier (name{cite.Hume:1748aa}) has been already used, 
duplicate ignored
<to be read again> 
                   \relax 
l.76 \bibitem[Hume(1748)]{Hume:1748aa}
                                       [93

]pdfTeX warning (ext4): destination with the same identifier (name{cite.Jaynes2
003}) has been already used, duplicate ignored
<to be read again> 
                   \relax 
l.82 \bibitem[Jaynes(2003)]{Jaynes2003}
                                       pdfTeX warning (ext4): destination with 
the same identifier (name{cite.jefferys1991sharpening}) has been already used, 
duplicate ignored
<to be read again> 
                   \relax 
l.88 ... and Berger(1991)]{jefferys1991sharpening}
                                                  pdfTeX warning (ext4): destin
ation with the same identifier (name{cite.jordaan2005decisions}) has been alrea
dy used, duplicate ignored
<to be read again> 
                   \relax 
l.94 \bibitem[Jordaan(2005)]{jordaan2005decisions}
                                                  pdfTeX warning (ext4): destin
ation with the same identifier (name{cite.laplace1825philosophical}) has been a
lready used, duplicate ignored
<to be read again> 
                   \relax 
l.100 ... Edition 1951)]{laplace1825philosophical}
                                                  pdfTeX warning (ext4): destin
ation with the same identifier (name{cite.sep-miracles}) has been already used,
 duplicate ignored
<to be read again> 
                   \relax 
l.105 \bibitem[McGrew(2014)]{sep-miracles}
                                          pdfTeX warning (ext4): destination wi
th the same identifier (name{cite.MerriamWebster2009}) has been already used, d
uplicate ignored
<to be read again> 
                   \relax 
l.111 ...ebster Online}(2009)]{MerriamWebster2009}
                                                  pdfTeX warning (ext4): destin
ation with the same identifier (name{cite.Miller:2009aa}) has been already used
, duplicate ignored
<to be read again> 
                   \relax 
l.116 \bibitem[Miller(2009)]{Miller:2009aa}
                                           pdfTeX warning (ext4): destination w
ith the same identifier (name{cite.sagandemon}) has been already used, duplicat
e ignored
<to be read again> 
                   \relax 
l.123 \bibitem[Sagan(1996)]{sagandemon}
                                       pdfTeX warning (ext4): destination with 
the same identifier (name{cite.Spear:2013aa}) has been already used, duplicate 
ignored
<to be read again> 
                   \relax 
l.128 \bibitem[Spear(2013)]{Spear:2013aa}
                                         pdfTeX warning (ext4): destination wit
h the same identifier (name{cite.swinburne2003resurrection}) has been already u
sed, duplicate ignored
<to be read again> 
                   \relax 
l.133 ...inburne(2003)]{swinburne2003resurrection}
                                                  pdfTeX warning (ext4): destin
ation with the same identifier (name{cite.Wikipedia:2015aa}) has been already u
sed, duplicate ignored
<to be read again> 
                   \relax 
l.138 ...ia(2015{\natexlab{a}})]{Wikipedia:2015aa}
                                                  pdfTeX warning (ext4): destin
ation with the same identifier (name{cite.Wikipedia:2015ab}) has been already u
sed, duplicate ignored
<to be read again> 
                   \relax 
l.144 ...ia(2015{\natexlab{b}})]{Wikipedia:2015ab}
                                                  pdfTeX warning (ext4): destin
ation with the same identifier (name{cite.Wikipedia:2015ac}) has been already u
sed, duplicate ignored
<to be read again> 
                   \relax 
l.150 ...ia(2015{\natexlab{c}})]{Wikipedia:2015ac}
                                                  ) [94]
\openout2 = `appendix-test.aux'.

 (./appendix-test.tex
Appendix A.
) [95


]
No file main.ind.

Package natbib Warning: There were undefined citations.

\tf@thm=\write8
\openout8 = `main.thm'.

Package atveryend Info: Empty hook `BeforeClearDocument' on input line 58.
Package atveryend Info: Empty hook `AfterLastShipout' on input line 58.
(./main.aux (./frontmatter.aux) (./chap-introduction.aux)
(./chap-simple-applications.aux) (./chap-faith.aux) (./chap-miracles.aux)
(./chap-resurrection.aux) (./chap-historical-methods.aux) (./appendix-test.aux)
)
Package atveryend Info: Executing hook `AtVeryEndDocument' on input line 58.
Package atveryend Info: Executing hook `AtEndAfterFileList' on input line 58.
Package rerunfilecheck Info: File `main.out' has not changed.
(rerunfilecheck)             Checksum: 7BF04CCAB07D4DDAA99D4054EFF9BE17;6342.


LaTeX Warning: There were undefined references.


LaTeX Warning: There were multiply-defined labels.

Package atveryend Info: Empty hook `AtVeryVeryEnd' on input line 58.
 ) 
Here is how much of TeX's memory you used:
 15321 strings out of 493117
 218572 string characters out of 6135433
 413994 words of memory out of 5000000
 18096 multiletter control sequences out of 15000+600000
 129056 words of font info for 190 fonts, out of 8000000 for 9000
 1141 hyphenation exceptions out of 8191
 41i,13n,74p,1589b,518s stack positions out of 5000i,500n,10000p,200000b,80000s
{/usr/local/texlive/2014/texmf-dist/fonts/enc/dvips/base/8r.enc}{/usr/local/t
exlive/2014/texmf-dist/fonts/enc/dvips/arev/arevoms.enc}</usr/local/texlive/201
4/texmf-dist/fonts/type1/public/arev/ArevSans-Roman.pfb></usr/local/texlive/201
4/texmf-dist/fonts/type1/public/amsfonts/cm/cmex10.pfb></usr/local/texlive/2014
/texmf-dist/fonts/type1/public/amsfonts/cm/cmmi10.pfb></usr/local/texlive/2014/
texmf-dist/fonts/type1/public/amsfonts/cm/cmr10.pfb></usr/local/texlive/2014/te
xmf-dist/fonts/type1/public/amsfonts/cm/cmsy10.pfb></usr/local/texlive/2014/tex
mf-dist/fonts/type1/public/fpl/fplbij8a.pfb></usr/local/texlive/2014/texmf-dist
/fonts/type1/public/fpl/fplbj8a.pfb></usr/local/texlive/2014/texmf-dist/fonts/t
ype1/public/mathpazo/fplmr.pfb></usr/local/texlive/2014/texmf-dist/fonts/type1/
public/fpl/fplrc8a.pfb></usr/local/texlive/2014/texmf-dist/fonts/type1/public/f
pl/fplrij8a.pfb></usr/local/texlive/2014/texmf-dist/fonts/type1/public/bera/fvm
r8a.pfb></usr/local/texlive/2014/texmf-dist/fonts/type1/urw/helvetic/uhvr8a.pfb
></usr/local/texlive/2014/texmf-dist/fonts/type1/urw/palatino/uplb8a.pfb></usr/
local/texlive/2014/texmf-dist/fonts/type1/urw/palatino/uplbi8a.pfb></usr/local/
texlive/2014/texmf-dist/fonts/type1/urw/palatino/uplr8a.pfb></usr/local/texlive
/2014/texmf-dist/fonts/type1/urw/palatino/uplri8a.pfb>
Output written on main.pdf (95 pages, 1386106 bytes).
PDF statistics:
 1085 PDF objects out of 1200 (max. 8388607)
 883 compressed objects within 9 object streams
 280 named destinations out of 1000 (max. 500000)
 3383 words of extra memory for PDF output out of 10000 (max. 10000000)

