This is pdfTeX, Version 3.14159265-2.6-1.40.15 (TeX Live 2014) (preloaded format=pdflatex 2014.5.25)  12 JAN 2016 19:26
entering extended mode
 restricted \write18 enabled.
 %&-line parsing enabled.
**"Measure Of Faith.tex"
(./Measure Of Faith.tex
LaTeX2e <2014/05/01>
Babel <3.9k> and hyphenation patterns for 78 languages loaded.
(/usr/local/texlive/2014/texmf-dist/tex/latex/tufte-latex/tufte-book.cls
Document Class: tufte-book 2009/12/11 v3.5.0 Tufte-book class
(/usr/local/texlive/2014/texmf-dist/tex/latex/tufte-latex/tufte-common.def
File: tufte-common.def 2009/12/11 v3.5.0 Common code for the Tufte-LaTeX styles


(/usr/local/texlive/2014/texmf-dist/tex/latex/xkeyval/xkeyval.sty
Package: xkeyval 2014/05/09 v2.6d package option processing (HA)

(/usr/local/texlive/2014/texmf-dist/tex/generic/xkeyval/xkeyval.tex
\XKV@toks=\toks14
\XKV@tempa@toks=\toks15
\XKV@depth=\count79
File: xkeyval.tex 2014/05/09 v2.6d key=value parser (HA)

(/usr/local/texlive/2014/texmf-dist/tex/generic/xkeyval/keyval.tex)))
(/usr/local/texlive/2014/texmf-dist/tex/latex/xifthen/xifthen.sty
Package: xifthen 2009/04/17 v1.3 Extended ifthen features

(/usr/local/texlive/2014/texmf-dist/tex/latex/etex-pkg/etex.sty
Package: etex 1998/03/26 v2.0 eTeX basic definition package (PEB)
\et@xins=\count80
)
(/usr/local/texlive/2014/texmf-dist/tex/latex/tools/calc.sty
Package: calc 2007/08/22 v4.3 Infix arithmetic (KKT,FJ)
\calc@Acount=\count81
\calc@Bcount=\count82
\calc@Adimen=\dimen102
\calc@Bdimen=\dimen103
\calc@Askip=\skip41
\calc@Bskip=\skip42
LaTeX Info: Redefining \setlength on input line 75.
LaTeX Info: Redefining \addtolength on input line 76.
\calc@Ccount=\count83
\calc@Cskip=\skip43
)
(/usr/local/texlive/2014/texmf-dist/tex/latex/base/ifthen.sty
Package: ifthen 2001/05/26 v1.1c Standard LaTeX ifthen package (DPC)
)
(/usr/local/texlive/2014/texmf-dist/tex/latex/ifmtarg/ifmtarg.sty
Package: ifmtarg 2009/09/02 v1.2a check for an empty argument
))
Class tufte-book Info: Loading the base class `book'.

(/usr/local/texlive/2014/texmf-dist/tex/latex/base/book.cls
Document Class: book 2007/10/19 v1.4h Standard LaTeX document class
(/usr/local/texlive/2014/texmf-dist/tex/latex/base/bk10.clo
File: bk10.clo 2007/10/19 v1.4h Standard LaTeX file (size option)
)
\c@part=\count84
\c@chapter=\count85
\c@section=\count86
\c@subsection=\count87
\c@subsubsection=\count88
\c@paragraph=\count89
\c@subparagraph=\count90
\c@figure=\count91
\c@table=\count92
\abovecaptionskip=\skip44
\belowcaptionskip=\skip45
\bibindent=\dimen104
)
(/usr/local/texlive/2014/texmf-dist/tex/generic/oberdiek/ifpdf.sty
Package: ifpdf 2011/01/30 v2.3 Provides the ifpdf switch (HO)
Package ifpdf Info: pdfTeX in PDF mode is detected.
)
(/usr/local/texlive/2014/texmf-dist/tex/generic/ifxetex/ifxetex.sty
Package: ifxetex 2010/09/12 v0.6 Provides ifxetex conditional
)
(/usr/local/texlive/2014/texmf-dist/tex/latex/titlesec/titlesec.sty
Package: titlesec 2011/12/15 v2.10.0 Sectioning titles
\ttl@box=\box26
\beforetitleunit=\skip46
\aftertitleunit=\skip47
\ttl@plus=\dimen105
\ttl@minus=\dimen106
\ttl@toksa=\toks16
\titlewidth=\dimen107
\titlewidthlast=\dimen108
\titlewidthfirst=\dimen109
)
(/usr/local/texlive/2014/texmf-dist/tex/latex/titlesec/titletoc.sty
Package: titletoc 2011/12/15 v1.6 TOC entries
\ttl@leftsep=\dimen110
)
(/usr/local/texlive/2014/texmf-dist/tex/latex/hyperref/hyperref.sty
Package: hyperref 2012/11/06 v6.83m Hypertext links for LaTeX

(/usr/local/texlive/2014/texmf-dist/tex/generic/oberdiek/hobsub-hyperref.sty
Package: hobsub-hyperref 2012/05/28 v1.13 Bundle oberdiek, subset hyperref (HO)


(/usr/local/texlive/2014/texmf-dist/tex/generic/oberdiek/hobsub-generic.sty
Package: hobsub-generic 2012/05/28 v1.13 Bundle oberdiek, subset generic (HO)
Package: hobsub 2012/05/28 v1.13 Construct package bundles (HO)
Package: infwarerr 2010/04/08 v1.3 Providing info/warning/error messages (HO)
Package: ltxcmds 2011/11/09 v1.22 LaTeX kernel commands for general use (HO)
Package: ifluatex 2010/03/01 v1.3 Provides the ifluatex switch (HO)
Package ifluatex Info: LuaTeX not detected.
Package: ifvtex 2010/03/01 v1.5 Detect VTeX and its facilities (HO)
Package ifvtex Info: VTeX not detected.
Package: intcalc 2007/09/27 v1.1 Expandable calculations with integers (HO)
Package hobsub Info: Skipping package `ifpdf' (already loaded).
Package: etexcmds 2011/02/16 v1.5 Avoid name clashes with e-TeX commands (HO)
Package etexcmds Info: Could not find \expanded.
(etexcmds)             That can mean that you are not using pdfTeX 1.50 or
(etexcmds)             that some package has redefined \expanded.
(etexcmds)             In the latter case, load this package earlier.
Package: kvsetkeys 2012/04/25 v1.16 Key value parser (HO)
Package: kvdefinekeys 2011/04/07 v1.3 Define keys (HO)
Package: pdftexcmds 2011/11/29 v0.20 Utility functions of pdfTeX for LuaTeX (HO
)
Package pdftexcmds Info: LuaTeX not detected.
Package pdftexcmds Info: \pdf@primitive is available.
Package pdftexcmds Info: \pdf@ifprimitive is available.
Package pdftexcmds Info: \pdfdraftmode found.
Package: pdfescape 2011/11/25 v1.13 Implements pdfTeX's escape features (HO)
Package: bigintcalc 2012/04/08 v1.3 Expandable calculations on big integers (HO
)
Package: bitset 2011/01/30 v1.1 Handle bit-vector datatype (HO)
Package: uniquecounter 2011/01/30 v1.2 Provide unlimited unique counter (HO)
)
Package hobsub Info: Skipping package `hobsub' (already loaded).
Package: letltxmacro 2010/09/02 v1.4 Let assignment for LaTeX macros (HO)
Package: hopatch 2012/05/28 v1.2 Wrapper for package hooks (HO)
Package: xcolor-patch 2011/01/30 xcolor patch
Package: atveryend 2011/06/30 v1.8 Hooks at the very end of document (HO)
Package atveryend Info: \enddocument detected (standard20110627).
Package: atbegshi 2011/10/05 v1.16 At begin shipout hook (HO)
Package: refcount 2011/10/16 v3.4 Data extraction from label references (HO)
Package: hycolor 2011/01/30 v1.7 Color options for hyperref/bookmark (HO)
)
(/usr/local/texlive/2014/texmf-dist/tex/latex/oberdiek/auxhook.sty
Package: auxhook 2011/03/04 v1.3 Hooks for auxiliary files (HO)
)
(/usr/local/texlive/2014/texmf-dist/tex/latex/oberdiek/kvoptions.sty
Package: kvoptions 2011/06/30 v3.11 Key value format for package options (HO)
)
\@linkdim=\dimen111
\Hy@linkcounter=\count93
\Hy@pagecounter=\count94

(/usr/local/texlive/2014/texmf-dist/tex/latex/hyperref/pd1enc.def
File: pd1enc.def 2012/11/06 v6.83m Hyperref: PDFDocEncoding definition (HO)
)
\Hy@SavedSpaceFactor=\count95

(/usr/local/texlive/2014/texmf-dist/tex/latex/latexconfig/hyperref.cfg
File: hyperref.cfg 2002/06/06 v1.2 hyperref configuration of TeXLive
)
Package hyperref Info: Option `unicode' set `true' on input line 4319.

(/usr/local/texlive/2014/texmf-dist/tex/latex/hyperref/puenc.def
File: puenc.def 2012/11/06 v6.83m Hyperref: PDF Unicode definition (HO)
)
Package hyperref Info: Option `hyperfootnotes' set `false' on input line 4319.
Package hyperref Info: Hyper figures OFF on input line 4443.
Package hyperref Info: Link nesting OFF on input line 4448.
Package hyperref Info: Hyper index ON on input line 4451.
Package hyperref Info: Plain pages OFF on input line 4458.
Package hyperref Info: Backreferencing OFF on input line 4463.
Package hyperref Info: Implicit mode ON; LaTeX internals redefined.
Package hyperref Info: Bookmarks ON on input line 4688.
\c@Hy@tempcnt=\count96

(/usr/local/texlive/2014/texmf-dist/tex/latex/url/url.sty
\Urlmuskip=\muskip10
Package: url 2013/09/16  ver 3.4  Verb mode for urls, etc.
)
LaTeX Info: Redefining \url on input line 5041.
\XeTeXLinkMargin=\dimen112
\Fld@menulength=\count97
\Field@Width=\dimen113
\Fld@charsize=\dimen114
Package hyperref Info: Hyper figures OFF on input line 6295.
Package hyperref Info: Link nesting OFF on input line 6300.
Package hyperref Info: Hyper index ON on input line 6303.
Package hyperref Info: backreferencing OFF on input line 6310.
Package hyperref Info: Link coloring OFF on input line 6315.
Package hyperref Info: Link coloring with OCG OFF on input line 6320.
Package hyperref Info: PDF/A mode OFF on input line 6325.
LaTeX Info: Redefining \ref on input line 6365.
LaTeX Info: Redefining \pageref on input line 6369.
\Hy@abspage=\count98
\c@Item=\count99
)

Package hyperref Message: Driver (autodetected): hpdftex.

(/usr/local/texlive/2014/texmf-dist/tex/latex/hyperref/hpdftex.def
File: hpdftex.def 2012/11/06 v6.83m Hyperref driver for pdfTeX
\Fld@listcount=\count100
\c@bookmark@seq@number=\count101

(/usr/local/texlive/2014/texmf-dist/tex/latex/oberdiek/rerunfilecheck.sty
Package: rerunfilecheck 2011/04/15 v1.7 Rerun checks for auxiliary files (HO)
Package uniquecounter Info: New unique counter `rerunfilecheck' on input line 2
82.
)
\Hy@SectionHShift=\skip48
)

Package hyperref Warning: Option `pagecolor' is not available anymore.

(/usr/local/texlive/2014/texmf-dist/tex/latex/ms/ragged2e.sty
Package: ragged2e 2009/05/21 v2.1 ragged2e Package (MS)

(/usr/local/texlive/2014/texmf-dist/tex/latex/ms/everysel.sty
Package: everysel 2011/10/28 v1.2 EverySelectfont Package (MS)
)
\CenteringLeftskip=\skip49
\RaggedLeftLeftskip=\skip50
\RaggedRightLeftskip=\skip51
\CenteringRightskip=\skip52
\RaggedLeftRightskip=\skip53
\RaggedRightRightskip=\skip54
\CenteringParfillskip=\skip55
\RaggedLeftParfillskip=\skip56
\RaggedRightParfillskip=\skip57
\JustifyingParfillskip=\skip58
\CenteringParindent=\skip59
\RaggedLeftParindent=\skip60
\RaggedRightParindent=\skip61
\JustifyingParindent=\skip62
)
(/usr/local/texlive/2014/texmf-dist/tex/latex/geometry/geometry.sty
Package: geometry 2010/09/12 v5.6 Page Geometry
\Gm@cnth=\count102
\Gm@cntv=\count103
\c@Gm@tempcnt=\count104
\Gm@bindingoffset=\dimen115
\Gm@wd@mp=\dimen116
\Gm@odd@mp=\dimen117
\Gm@even@mp=\dimen118
\Gm@layoutwidth=\dimen119
\Gm@layoutheight=\dimen120
\Gm@layouthoffset=\dimen121
\Gm@layoutvoffset=\dimen122
\Gm@dimlist=\toks17

(/Users/bblais/Library/texmf/tex/inputs/geometry.cfg))
(/usr/local/texlive/2014/texmf-dist/tex/latex/changepage/changepage.sty
Package: changepage 2009/10/20 v1.0c check page and change page layout
\c@cp@cntr=\count105
\cp@tempcnt=\count106
)
\@tufte@overhang=\skip63
\@tufte@fullwidth=\skip64
\@tufte@caption@fill=\skip65

(/usr/local/texlive/2014/texmf-dist/tex/latex/paralist/paralist.sty
Package: paralist 2013/06/09 v2.4 Extended list environments
\pltopsep=\skip66
\plpartopsep=\skip67
\plitemsep=\skip68
\plparsep=\skip69
\pl@lab=\toks18
)
(/usr/local/texlive/2014/texmf-dist/tex/latex/textcase/textcase.sty
Package: textcase 2004/10/07 v0.07 Text only upper/lower case changing (DPC)
)
(/usr/local/texlive/2014/texmf-dist/tex/latex/microtype/letterspace.sty
Package: letterspace 2013/05/23 v2.5a Robust letterspacing (RS)
LaTeX Info: Redefining \lsstyle on input line 307.
LaTeX Info: Redefining \lslig on input line 308.
LaTeX Info: Redefining \textls on input line 333.
\MT@outer@kern=\dimen123
)
(/usr/local/texlive/2014/texmf-dist/tex/latex/setspace/setspace.sty
Package: setspace 2011/12/19 v6.7a set line spacing
)
(/usr/local/texlive/2014/texmf-dist/tex/latex/natbib/natbib.sty
Package: natbib 2010/09/13 8.31b (PWD, AO)
\bibhang=\skip70
\bibsep=\skip71
LaTeX Info: Redefining \cite on input line 694.
\c@NAT@ctr=\count107
)
(/usr/local/texlive/2014/texmf-dist/tex/latex/natbib/bibentry.sty
Package: bibentry 2007/10/30 1.5 (PWD)
)
(./Measure Of Faith.bbl)
\c@@tufte@num@bibkeys=\count108

(/usr/local/texlive/2014/texmf-dist/tex/latex/sauerj/optparams.sty
Package: optparams 2004/08/14 v0.9 multiple optional parameters in macros
)
\@tufte@sidenote@vertical@offset=\skip72

(/usr/local/texlive/2014/texmf-dist/tex/latex/placeins/placeins.sty
Package: placeins 2005/04/18  v 2.2
)
\@tufte@margin@floatbox=\box27
\@tufte@figure@box=\box28
\@tufte@caption@box=\box29
\@tufte@caption@vertical@offset=\skip73
\@tufte@float@contents@width=\skip74

(/usr/local/texlive/2014/texmf-dist/tex/latex/psnfss/mathpazo.sty
Package: mathpazo 2005/04/12 PSNFSS-v9.2a Palatino w/ Pazo Math (D.Puga, WaS) 
\symupright=\mathgroup4
)
(/usr/local/texlive/2014/texmf-dist/tex/latex/psnfss/helvet.sty
Package: helvet 2005/04/12 PSNFSS-v9.2a (WaS) 
)
(/usr/local/texlive/2014/texmf-dist/tex/latex/bera/beramono.sty
Package: beramono 2004/01/31 (WaS)
)
(/usr/local/texlive/2014/texmf-dist/tex/latex/base/fontenc.sty
Package: fontenc 2005/09/27 v1.99g Standard LaTeX package

(/usr/local/texlive/2014/texmf-dist/tex/latex/base/t1enc.def
File: t1enc.def 2005/09/27 v1.99g Standard LaTeX file
LaTeX Font Info:    Redeclaring font encoding T1 on input line 43.
))
(/usr/local/texlive/2014/texmf-dist/tex/latex/base/textcomp.sty
Package: textcomp 2005/09/27 v1.99g Standard LaTeX package
Package textcomp Info: Sub-encoding information:
(textcomp)               5 = only ISO-Adobe without \textcurrency
(textcomp)               4 = 5 + \texteuro
(textcomp)               3 = 4 + \textohm
(textcomp)               2 = 3 + \textestimated + \textcurrency
(textcomp)               1 = TS1 - \textcircled - \t
(textcomp)               0 = TS1 (full)
(textcomp)             Font families with sub-encoding setting implement
(textcomp)             only a restricted character set as indicated.
(textcomp)             Family '?' is the default used for unknown fonts.
(textcomp)             See the documentation for details.
Package textcomp Info: Setting ? sub-encoding to TS1/1 on input line 71.

(/usr/local/texlive/2014/texmf-dist/tex/latex/base/ts1enc.def
File: ts1enc.def 2001/06/05 v3.0e (jk/car/fm) Standard LaTeX file
)
LaTeX Info: Redefining \oldstylenums on input line 266.
Package textcomp Info: Setting cmr sub-encoding to TS1/0 on input line 281.
Package textcomp Info: Setting cmss sub-encoding to TS1/0 on input line 282.
Package textcomp Info: Setting cmtt sub-encoding to TS1/0 on input line 283.
Package textcomp Info: Setting cmvtt sub-encoding to TS1/0 on input line 284.
Package textcomp Info: Setting cmbr sub-encoding to TS1/0 on input line 285.
Package textcomp Info: Setting cmtl sub-encoding to TS1/0 on input line 286.
Package textcomp Info: Setting ccr sub-encoding to TS1/0 on input line 287.
Package textcomp Info: Setting ptm sub-encoding to TS1/4 on input line 288.
Package textcomp Info: Setting pcr sub-encoding to TS1/4 on input line 289.
Package textcomp Info: Setting phv sub-encoding to TS1/4 on input line 290.
Package textcomp Info: Setting ppl sub-encoding to TS1/3 on input line 291.
Package textcomp Info: Setting pag sub-encoding to TS1/4 on input line 292.
Package textcomp Info: Setting pbk sub-encoding to TS1/4 on input line 293.
Package textcomp Info: Setting pnc sub-encoding to TS1/4 on input line 294.
Package textcomp Info: Setting pzc sub-encoding to TS1/4 on input line 295.
Package textcomp Info: Setting bch sub-encoding to TS1/4 on input line 296.
Package textcomp Info: Setting put sub-encoding to TS1/5 on input line 297.
Package textcomp Info: Setting uag sub-encoding to TS1/5 on input line 298.
Package textcomp Info: Setting ugq sub-encoding to TS1/5 on input line 299.
Package textcomp Info: Setting ul8 sub-encoding to TS1/4 on input line 300.
Package textcomp Info: Setting ul9 sub-encoding to TS1/4 on input line 301.
Package textcomp Info: Setting augie sub-encoding to TS1/5 on input line 302.
Package textcomp Info: Setting dayrom sub-encoding to TS1/3 on input line 303.
Package textcomp Info: Setting dayroms sub-encoding to TS1/3 on input line 304.

Package textcomp Info: Setting pxr sub-encoding to TS1/0 on input line 305.
Package textcomp Info: Setting pxss sub-encoding to TS1/0 on input line 306.
Package textcomp Info: Setting pxtt sub-encoding to TS1/0 on input line 307.
Package textcomp Info: Setting txr sub-encoding to TS1/0 on input line 308.
Package textcomp Info: Setting txss sub-encoding to TS1/0 on input line 309.
Package textcomp Info: Setting txtt sub-encoding to TS1/0 on input line 310.
Package textcomp Info: Setting lmr sub-encoding to TS1/0 on input line 311.
Package textcomp Info: Setting lmdh sub-encoding to TS1/0 on input line 312.
Package textcomp Info: Setting lmss sub-encoding to TS1/0 on input line 313.
Package textcomp Info: Setting lmssq sub-encoding to TS1/0 on input line 314.
Package textcomp Info: Setting lmvtt sub-encoding to TS1/0 on input line 315.
Package textcomp Info: Setting qhv sub-encoding to TS1/0 on input line 316.
Package textcomp Info: Setting qag sub-encoding to TS1/0 on input line 317.
Package textcomp Info: Setting qbk sub-encoding to TS1/0 on input line 318.
Package textcomp Info: Setting qcr sub-encoding to TS1/0 on input line 319.
Package textcomp Info: Setting qcs sub-encoding to TS1/0 on input line 320.
Package textcomp Info: Setting qpl sub-encoding to TS1/0 on input line 321.
Package textcomp Info: Setting qtm sub-encoding to TS1/0 on input line 322.
Package textcomp Info: Setting qzc sub-encoding to TS1/0 on input line 323.
Package textcomp Info: Setting qhvc sub-encoding to TS1/0 on input line 324.
Package textcomp Info: Setting futs sub-encoding to TS1/4 on input line 325.
Package textcomp Info: Setting futx sub-encoding to TS1/4 on input line 326.
Package textcomp Info: Setting futj sub-encoding to TS1/4 on input line 327.
Package textcomp Info: Setting hlh sub-encoding to TS1/3 on input line 328.
Package textcomp Info: Setting hls sub-encoding to TS1/3 on input line 329.
Package textcomp Info: Setting hlst sub-encoding to TS1/3 on input line 330.
Package textcomp Info: Setting hlct sub-encoding to TS1/5 on input line 331.
Package textcomp Info: Setting hlx sub-encoding to TS1/5 on input line 332.
Package textcomp Info: Setting hlce sub-encoding to TS1/5 on input line 333.
Package textcomp Info: Setting hlcn sub-encoding to TS1/5 on input line 334.
Package textcomp Info: Setting hlcw sub-encoding to TS1/5 on input line 335.
Package textcomp Info: Setting hlcf sub-encoding to TS1/5 on input line 336.
Package textcomp Info: Setting pplx sub-encoding to TS1/3 on input line 337.
Package textcomp Info: Setting pplj sub-encoding to TS1/3 on input line 338.
Package textcomp Info: Setting ptmx sub-encoding to TS1/4 on input line 339.
Package textcomp Info: Setting ptmj sub-encoding to TS1/4 on input line 340.
)
(/usr/local/texlive/2014/texmf-dist/tex/latex/fancyhdr/fancyhdr.sty
\fancy@headwidth=\skip75
\f@ncyO@elh=\skip76
\f@ncyO@erh=\skip77
\f@ncyO@olh=\skip78
\f@ncyO@orh=\skip79
\f@ncyO@elf=\skip80
\f@ncyO@erf=\skip81
\f@ncyO@olf=\skip82
\f@ncyO@orf=\skip83
)
(/usr/local/texlive/2014/texmf-dist/tex/latex/xcolor/xcolor.sty
Package: xcolor 2007/01/21 v2.11 LaTeX color extensions (UK)

(/usr/local/texlive/2014/texmf-dist/tex/latex/latexconfig/color.cfg
File: color.cfg 2007/01/18 v1.5 color configuration of teTeX/TeXLive
)
Package xcolor Info: Package option `usenames' ignored on input line 216.
Package xcolor Info: Driver file: pdftex.def on input line 225.

(/usr/local/texlive/2014/texmf-dist/tex/latex/pdftex-def/pdftex.def
File: pdftex.def 2011/05/27 v0.06d Graphics/color for pdfTeX
\Gread@gobject=\count109
)
Package xcolor Info: Model `cmy' substituted by `cmy0' on input line 1337.
Package xcolor Info: Model `hsb' substituted by `rgb' on input line 1341.
Package xcolor Info: Model `RGB' extended on input line 1353.
Package xcolor Info: Model `HTML' substituted by `rgb' on input line 1355.
Package xcolor Info: Model `Hsb' substituted by `hsb' on input line 1356.
Package xcolor Info: Model `tHsb' substituted by `hsb' on input line 1357.
Package xcolor Info: Model `HSB' substituted by `hsb' on input line 1358.
Package xcolor Info: Model `Gray' substituted by `gray' on input line 1359.
Package xcolor Info: Model `wave' substituted by `hsb' on input line 1360.

(/usr/local/texlive/2014/texmf-dist/tex/latex/graphics/dvipsnam.def
File: dvipsnam.def 2014/04/23 v3.0j Driver-dependant file (DPC,SPQR)
)
(/usr/local/texlive/2014/texmf-dist/tex/latex/xcolor/svgnam.def
File: svgnam.def 2007/01/21 v2.11 Predefined colors according to SVG 1.1 (UK)
))
\langwohyphens=\language79

(/usr/local/texlive/2014/texmf-dist/tex/latex/tools/multicol.sty
Package: multicol 2014/04/23 v1.8e multicolumn formatting (FMi)
\c@tracingmulticols=\count110
\mult@box=\box30
\multicol@leftmargin=\dimen124
\c@unbalance=\count111
\c@collectmore=\count112
\doublecol@number=\count113
\multicoltolerance=\count114
\multicolpretolerance=\count115
\full@width=\dimen125
\page@free=\dimen126
\premulticols=\dimen127
\postmulticols=\dimen128
\multicolsep=\skip84
\multicolbaselineskip=\skip85
\partial@page=\box31
\last@line=\box32
\maxbalancingoverflow=\dimen129
\mult@rightbox=\box33
\mult@grightbox=\box34
\mult@gfirstbox=\box35
\mult@firstbox=\box36
\@tempa=\box37
\@tempa=\box38
\@tempa=\box39
\@tempa=\box40
\@tempa=\box41
\@tempa=\box42
\@tempa=\box43
\@tempa=\box44
\@tempa=\box45
\@tempa=\box46
\@tempa=\box47
\@tempa=\box48
\@tempa=\box49
\@tempa=\box50
\@tempa=\box51
\@tempa=\box52
\@tempa=\box53
\c@columnbadness=\count116
\c@finalcolumnbadness=\count117
\last@try=\dimen130
\multicolovershoot=\dimen131
\multicolundershoot=\dimen132
\mult@nat@firstbox=\box54
\colbreak@box=\box55
\mc@col@check@num=\count118
)
(/Users/bblais/Library/texmf/tex/inputs/tufte-latex-3.5.0/tufte-common-local.te
x)
Class tufte-book Info: Loading tufte-common-local.tex.
)) (/Users/bblais/Library/texmf/tex/inputs/mystyle-tufte.sty

LaTeX Warning: You have requested package `mystyle-tufte',
               but the package provides `mystyle'.

Package: mystyle 
(/usr/local/texlive/2014/texmf-dist/tex/latex/tools/longtable.sty
Package: longtable 2004/02/01 v4.11 Multi-page Table package (DPC)
\LTleft=\skip86
\LTright=\skip87
\LTpre=\skip88
\LTpost=\skip89
\LTchunksize=\count119
\LTcapwidth=\dimen133
\LT@head=\box56
\LT@firsthead=\box57
\LT@foot=\box58
\LT@lastfoot=\box59
\LT@cols=\count120
\LT@rows=\count121
\c@LT@tables=\count122
\c@LT@chunks=\count123
\LT@p@ftn=\toks19
)
(/usr/local/texlive/2014/texmf-dist/tex/latex/listings/listings.sty
\lst@mode=\count124
\lst@gtempboxa=\box60
\lst@token=\toks20
\lst@length=\count125
\lst@currlwidth=\dimen134
\lst@column=\count126
\lst@pos=\count127
\lst@lostspace=\dimen135
\lst@width=\dimen136
\lst@newlines=\count128
\lst@lineno=\count129
\lst@maxwidth=\dimen137

(/usr/local/texlive/2014/texmf-dist/tex/latex/listings/lstmisc.sty
File: lstmisc.sty 2014/03/04 1.5c (Carsten Heinz)
\c@lstnumber=\count130
\lst@skipnumbers=\count131
\lst@framebox=\box61
)
(/usr/local/texlive/2014/texmf-dist/tex/latex/listings/listings.cfg
File: listings.cfg 2014/03/04 1.5c listings configuration
))
Package: listings 2014/03/04 1.5c (Carsten Heinz)

(/usr/local/texlive/2014/texmf-dist/tex/latex/listings/lstlang1.sty
File: lstlang1.sty 2014/03/04 1.5c listings language file
)
Package hyperref Info: Option `colorlinks' set `true' on input line 22.

(/usr/local/texlive/2014/texmf-dist/tex/latex/ntheorem/ntheorem.sty
Style `ntheorem', Version 1.33 <2011/08/15>
Package: ntheorem 2011/08/15 1.33
\theorem@style=\toks21
\theorem@@style=\toks22
\theorembodyfont=\toks23
\theoremnumbering=\toks24
\theorempreskipamount=\skip90
\theorempostskipamount=\skip91
\theoremframepreskipamount=\skip92
\theoremframepostskipamount=\skip93
\theoreminframepreskipamount=\skip94
\theoreminframepostskipamount=\skip95
\theorem@preskip=\toks25
\theorem@postskip=\toks26
\theorem@framepreskip=\toks27
\theorem@framepostskip=\toks28
\theorem@inframepreskip=\toks29
\theorem@inframepostskip=\toks30
\theoremindent=\dimen138
\theorem@indent=\dimen139
\theoremrightindent=\dimen140
\theorem@rightindent=\dimen141
\theoremheaderfont=\toks31
\theoremseparator=\toks32
\theoremprework=\toks33
\theorempostwork=\toks34
\theoremsymbol=\toks35
\qedsymbol=\toks36
\theoremkeyword=\toks37
\qedsymbol=\toks38
\thm@topsep=\skip96
\thm@topsepadd=\skip97
) (/usr/local/texlive/2014/texmf-dist/tex/latex/booktabs/booktabs.sty
Package: booktabs 2005/04/14 v1.61803 publication quality tables
\heavyrulewidth=\dimen142
\lightrulewidth=\dimen143
\cmidrulewidth=\dimen144
\belowrulesep=\dimen145
\belowbottomsep=\dimen146
\aboverulesep=\dimen147
\abovetopsep=\dimen148
\cmidrulesep=\dimen149
\cmidrulekern=\dimen150
\defaultaddspace=\dimen151
\@cmidla=\count132
\@cmidlb=\count133
\@aboverulesep=\dimen152
\@belowrulesep=\dimen153
\@thisruleclass=\count134
\@lastruleclass=\count135
\@thisrulewidth=\dimen154
)
(/usr/local/texlive/2014/texmf-dist/tex/latex/lipsum/lipsum.sty
Package: lipsum 2011/04/14 v1.2 150 paragraphs of Lorem Ipsum dummy text
\c@lips@count=\count136
)
(/usr/local/texlive/2014/texmf-dist/tex/latex/graphics/graphicx.sty
Package: graphicx 2014/04/25 v1.0g Enhanced LaTeX Graphics (DPC,SPQR)

(/usr/local/texlive/2014/texmf-dist/tex/latex/graphics/graphics.sty
Package: graphics 2009/02/05 v1.0o Standard LaTeX Graphics (DPC,SPQR)

(/usr/local/texlive/2014/texmf-dist/tex/latex/graphics/trig.sty
Package: trig 1999/03/16 v1.09 sin cos tan (DPC)
)
(/usr/local/texlive/2014/texmf-dist/tex/latex/latexconfig/graphics.cfg
File: graphics.cfg 2010/04/23 v1.9 graphics configuration of TeX Live
)
Package graphics Info: Driver file: pdftex.def on input line 91.
)
\Gin@req@height=\dimen155
\Gin@req@width=\dimen156
)
(/usr/local/texlive/2014/texmf-dist/tex/latex/fancyvrb/fancyvrb.sty
Package: fancyvrb 2008/02/07

Style option: `fancyvrb' v2.7a, with DG/SPQR fixes, and firstline=lastline fix 
<2008/02/07> (tvz)
\FV@CodeLineNo=\count137
\FV@InFile=\read1
\FV@TabBox=\box62
\c@FancyVerbLine=\count138
\FV@StepNumber=\count139
\FV@OutFile=\write3
)
(/usr/local/texlive/2014/texmf-dist/tex/latex/tools/xspace.sty
Package: xspace 2009/10/20 v1.13 Space after command names (DPC,MH)
)
(/usr/local/texlive/2014/texmf-dist/tex/latex/titlesec/block.tss
File: block.tss 2011/12/15
)
(/usr/local/texlive/2014/texmf-dist/tex/latex/units/units.sty
Package: units 1998/08/04 v0.9b Typesetting units

(/usr/local/texlive/2014/texmf-dist/tex/latex/units/nicefrac.sty
Package: nicefrac 1998/08/04 v0.9b Nice fractions
\L@UnitsRaiseDisplaystyle=\skip98
\L@UnitsRaiseTextstyle=\skip99
\L@UnitsRaiseScriptstyle=\skip100
))
(/usr/local/texlive/2014/texmf-dist/tex/latex/base/makeidx.sty
Package: makeidx 2000/03/29 v1.0m Standard LaTeX package
)
\@indexfile=\write4
\openout4 = `"Measure Of Faith.idx"'.


Writing index file "Measure Of Faith".idx
\symextraup=\mathgroup5
\c@definition=\count140
\c@myexample=\count141
\c@myexercise=\count142
\m=\count143
\n=\count144
) (./Measure Of Faith.aux

LaTeX Warning: Label `notes' multiply defined.


! Package natbib Error: Bibliography not compatible with author-year citations.

(natbib)                Press <return> to continue in numerical citation style.


See the natbib package documentation for explanation.
Type  H <return>  for immediate help.
 ...                                              
                                                  
l.246 ...and\NAT@force@numbers{}\NAT@force@numbers
                                                  
? 
)
\openout1 = `"Measure Of Faith.aux"'.

LaTeX Font Info:    Checking defaults for OML/cmm/m/it on input line 6.
LaTeX Font Info:    ... okay on input line 6.
LaTeX Font Info:    Checking defaults for T1/cmr/m/n on input line 6.
LaTeX Font Info:    ... okay on input line 6.
LaTeX Font Info:    Checking defaults for OT1/cmr/m/n on input line 6.
LaTeX Font Info:    ... okay on input line 6.
LaTeX Font Info:    Checking defaults for OMS/cmsy/m/n on input line 6.
LaTeX Font Info:    ... okay on input line 6.
LaTeX Font Info:    Checking defaults for OMX/cmex/m/n on input line 6.
LaTeX Font Info:    ... okay on input line 6.
LaTeX Font Info:    Checking defaults for U/cmr/m/n on input line 6.
LaTeX Font Info:    ... okay on input line 6.
LaTeX Font Info:    Checking defaults for PD1/pdf/m/n on input line 6.
LaTeX Font Info:    ... okay on input line 6.
LaTeX Font Info:    Checking defaults for PU/pdf/m/n on input line 6.
LaTeX Font Info:    ... okay on input line 6.
LaTeX Font Info:    Checking defaults for TS1/cmr/m/n on input line 6.
LaTeX Font Info:    Try loading font information for TS1+cmr on input line 6.
 (/usr/local/texlive/2014/texmf-dist/tex/latex/base/ts1cmr.fd
File: ts1cmr.fd 1999/05/25 v2.5h Standard LaTeX font definitions
)
LaTeX Font Info:    ... okay on input line 6.
LaTeX Font Info:    Try loading font information for T1+pplj on input line 6.

(/usr/local/texlive/2014/texmf-dist/tex/latex/psnfss/t1pplj.fd
File: t1pplj.fd 2004/09/06 font definitions for T1/pplj.
)
\AtBeginShipoutBox=\box63
Package hyperref Info: Link coloring ON on input line 6.

(/usr/local/texlive/2014/texmf-dist/tex/latex/hyperref/nameref.sty
Package: nameref 2012/10/27 v2.43 Cross-referencing by name of section

(/usr/local/texlive/2014/texmf-dist/tex/generic/oberdiek/gettitlestring.sty
Package: gettitlestring 2010/12/03 v1.4 Cleanup title references (HO)
)
\c@section@level=\count145
)
LaTeX Info: Redefining \ref on input line 6.
LaTeX Info: Redefining \pageref on input line 6.
LaTeX Info: Redefining \nameref on input line 6.

(./Measure Of Faith.out) (./Measure Of Faith.out)
\@outlinefile=\write5
\openout5 = `"Measure Of Faith.out"'.


ABD: EverySelectfont initializing macros
LaTeX Info: Redefining \selectfont on input line 6.

*geometry* driver: auto-detecting
*geometry* detected driver: pdftex
*geometry* verbose mode - [ preamble ] result:
* driver: pdftex
* paper: letterpaper
* layout: <same size as paper>
* layoutoffset:(h,v)=(0.0pt,0.0pt)
* modes: twoside asymmetric 
* h-part:(L,W,R)=(72.26999pt, 312.0pt, 230.02501pt)
* v-part:(T,H,B)=(72.26999pt, 616.0pt, 106.7pt)
* \paperwidth=614.295pt
* \paperheight=794.96999pt
* \textwidth=312.0pt
* \textheight=616.0pt
* \oddsidemargin=0.0pt
* \evensidemargin=0.0pt
* \topmargin=-42.0pt
* \headheight=14.0pt
* \headsep=28.0pt
* \topskip=10.0pt
* \footskip=25.29494pt
* \marginparwidth=130.08621pt
* \marginparsep=24.0pt
* \columnsep=10.0pt
* \skip\footins=9.0pt plus 4.0pt minus 2.0pt
* \hoffset=0.0pt
* \voffset=0.0pt
* \mag=1000
* \@twocolumnfalse
* \@twosidetrue
* \@mparswitchfalse
* \@reversemarginfalse
* (1in=72.27pt=25.4mm, 1cm=28.453pt)

\big@size=\dimen157
(/usr/local/texlive/2014/texmf-dist/tex/context/base/supp-pdf.mkii
[Loading MPS to PDF converter (version 2006.09.02).]
\scratchcounter=\count146
\scratchdimen=\dimen158
\scratchbox=\box64
\nofMPsegments=\count147
\nofMParguments=\count148
\everyMPshowfont=\toks39
\MPscratchCnt=\count149
\MPscratchDim=\dimen159
\MPnumerator=\count150
\makeMPintoPDFobject=\count151
\everyMPtoPDFconversion=\toks40
)
\c@lstlisting=\count152
 (/usr/local/texlive/2014/texmf-dist/tex/latex/oberdiek/epstopdf-base.sty
Package: epstopdf-base 2010/02/09 v2.5 Base part for package epstopdf

(/usr/local/texlive/2014/texmf-dist/tex/latex/oberdiek/grfext.sty
Package: grfext 2010/08/19 v1.1 Manage graphics extensions (HO)
)
Package grfext Info: Graphics extension search list:
(grfext)             [.png,.pdf,.jpg,.mps,.jpeg,.jbig2,.jb2,.PNG,.PDF,.JPG,.JPE
G,.JBIG2,.JB2,.eps]
(grfext)             \AppendGraphicsExtensions on input line 452.

(/usr/local/texlive/2014/texmf-dist/tex/latex/latexconfig/epstopdf-sys.cfg
File: epstopdf-sys.cfg 2010/07/13 v1.3 Configuration of (r)epstopdf for TeX Liv
e
))
LaTeX Font Info:    Try loading font information for T1+phv on input line 14.

(/usr/local/texlive/2014/texmf-dist/tex/latex/psnfss/t1phv.fd
File: t1phv.fd 2001/06/04 scalable font definitions for T1/phv.
)
LaTeX Font Info:    Font shape `T1/phv/m/n' will be
(Font)              scaled to size 8.99994pt on input line 14.
LaTeX Font Info:    Font shape `T1/phv/m/n' will be
(Font)              scaled to size 16.19989pt on input line 14.
LaTeX Font Info:    Font shape `T1/phv/m/n' will be
(Font)              scaled to size 21.59985pt on input line 14.

</Users/bblais/Documents/img/cover_draft2.png, id=132, 803.0pt x 602.25pt>
File: /Users/bblais/Documents/img/cover_draft2.png Graphic file (type png)

<use /Users/bblais/Documents/img/cover_draft2.png>
Package pdftex.def Info: /Users/bblais/Documents/img/cover_draft2.png used on i
nput line 14.
(pdftex.def)             Requested size: 466.09566pt x 349.57173pt.

Overfull \hbox (12.00945pt too wide) in paragraph at lines 14--14
[][]  
 []

[1



{/usr/local/texlive/2014/texmf-var/fonts/map/pdftex/updmap/pdftex.map} </Users/
bblais/Documents/img/cover_draft2.png>]
LaTeX Font Info:    Font shape `T1/phv/m/n' will be
(Font)              scaled to size 9.85492pt on input line 17.

Overfull \hbox (4.4241pt too wide) in paragraph at lines 17--17
[]\T1/phv/m/n/10.95/200ls FAITH IS TAK-ING THE FIRST STEP EVEN WHEN YOU DON'T S
EE THE WHOLE 
 []

[2

]
LaTeX Font Info:    Font shape `T1/phv/m/n' will be
(Font)              scaled to size 12.59991pt on input line 33.
 [3

]
LaTeX Font Info:    Try loading font information for TS1+pplj on input line 42.

 (/usr/local/texlive/2014/texmf-dist/tex/latex/psnfss/ts1pplj.fd
File: ts1pplj.fd 2004/09/06 font definitions for TS1/pplj.
)
LaTeX Font Info:    Try loading font information for T1+fvm on input line 50.

(/usr/local/texlive/2014/texmf-dist/tex/latex/bera/t1fvm.fd
File: t1fvm.fd 2004/09/07 scalable font definitions for T1/fvm.
)
LaTeX Font Info:    Font shape `T1/fvm/m/n' will be
(Font)              scaled to size 8.50006pt on input line 50.
LaTeX Font Info:    Try loading font information for OT1+pplx on input line 50.


(/usr/local/texlive/2014/texmf-dist/tex/latex/psnfss/ot1pplx.fd
File: ot1pplx.fd 2004/09/06 font definitions for OT1/pplx.
)
LaTeX Font Info:    Try loading font information for OML+zplm on input line 50.


(/usr/local/texlive/2014/texmf-dist/tex/latex/psnfss/omlzplm.fd
File: omlzplm.fd 2002/09/08 Fontinst v1.914 font definitions for OML/zplm.
)
LaTeX Font Info:    Try loading font information for OMS+zplm on input line 50.


(/usr/local/texlive/2014/texmf-dist/tex/latex/psnfss/omszplm.fd
File: omszplm.fd 2002/09/08 Fontinst v1.914 font definitions for OMS/zplm.
)
LaTeX Font Info:    Try loading font information for OMX+zplm on input line 50.


(/usr/local/texlive/2014/texmf-dist/tex/latex/psnfss/omxzplm.fd
File: omxzplm.fd 2002/09/08 Fontinst v1.914 font definitions for OMX/zplm.
)
LaTeX Font Info:    Try loading font information for OT1+zplm on input line 50.


(/usr/local/texlive/2014/texmf-dist/tex/latex/psnfss/ot1zplm.fd
File: ot1zplm.fd 2002/09/08 Fontinst v1.914 font definitions for OT1/zplm.
)
LaTeX Font Info:    Try loading font information for U+zavm on input line 50.

(/usr/local/texlive/2014/texmf-dist/tex/latex/arev/uzavm.fd
File: uzavm.fd 2006/05/30 Fontinst v1.929 font definitions for U/zavm.
) [4

] [5

] [6

]
(./Measure Of Faith.toc [7

] [8])
\tf@toc=\write6
\openout6 = `"Measure Of Faith.toc"'.

 [9] [10

]
Chapter 1.

LaTeX Warning: Marginpar on page 11 moved.


LaTeX Warning: Marginpar on page 11 moved.

[11

]

LaTeX Warning: Marginpar on page 12 moved.


LaTeX Warning: Marginpar on page 12 moved.

[12]

LaTeX Warning: Marginpar on page 13 moved.


LaTeX Warning: Marginpar on page 13 moved.

[13]

LaTeX Warning: Marginpar on page 14 moved.

LaTeX Font Info:    Font shape `T1/pplj/bx/n' in size <10> not available
(Font)              Font shape `T1/pplj/b/n' tried instead on input line 254.
LaTeX Font Info:    Font shape `T1/pplj/bx/n' in size <8> not available
(Font)              Font shape `T1/pplj/b/n' tried instead on input line 288.

LaTeX Warning: Marginpar on page 14 moved.

[14]

LaTeX Warning: Marginpar on page 15 moved.

[15] [16]
Overfull \hbox (2.87958pt too wide) in paragraph at lines 426--431
[]\T1/pplj/m/n/10 which per-fectly matches our in-tu-ition. No-tice fur-ther th
at $\OML/zplm/m/it/10 P\OT1/zplm/m/n/10 (\OT1/pplx/m/n/10 3\OMS/zplm/m/n/10 ^^?
j\OML/zplm/m/it/10 E[]\OT1/zplm/m/n/10 )$ 
 []

[17]

LaTeX Warning: Marginpar on page 18 moved.


LaTeX Warning: Marginpar on page 18 moved.


LaTeX Warning: Marginpar on page 18 moved.

[18]
Underfull \hbox (badness 10000) in paragraph at lines 550--550
[]\T1/pplj/m/n/10 broken up into the
 []


Underfull \hbox (badness 10000) in paragraph at lines 550--550
\T1/pplj/m/n/10 four pos-si-bil-i-ties from
 []


Overfull \hbox (112.43866pt too wide) in alignment at lines 565--568
 [][][] []
 []

[19]

LaTeX Warning: Marginpar on page 20 moved.


LaTeX Warning: Marginpar on page 20 moved.


LaTeX Warning: Marginpar on page 20 moved.

[20]

LaTeX Warning: Marginpar on page 21 moved.

[21] [22]

LaTeX Warning: Marginpar on page 23 moved.

[23]

LaTeX Warning: Reference `table1' on page 24 undefined on input line 811.

[24]
Chapter 2.
[25

] [26] [27]

LaTeX Warning: Marginpar on page 28 moved.

[28]

LaTeX Warning: Marginpar on page 29 moved.

[29] [30]

LaTeX Warning: Marginpar on page 31 moved.

[31] [32]
Overfull \hbox (1.38243pt too wide) in alignment at lines 1254--1258
 [][][] []
 []

[33] [34] [35]
Underfull \vbox (badness 10000) has occurred while \output is active []

 [36]
Underfull \vbox (badness 10000) has occurred while \output is active []

 [37]
</Users/bblais/Documents/img/blah2-2011-01-29-11-35.png, id=542, 508.90125pt x 
306.14375pt>
File: /Users/bblais/Documents/img/blah2-2011-01-29-11-35.png Graphic file (type
 png)
 <use /Users/bblais/Documents/img/blah2-2011-01-29-11-35.png>
Package pdftex.def Info: /Users/bblais/Documents/img/blah2-2011-01-29-11-35.png
 used on input line 1509.
(pdftex.def)             Requested size: 312.01341pt x 187.70036pt.

</Users/bblais/Documents/img/blah3-2011-01-29-11-35.png, id=543, 513.92pt x 308
.15125pt>
File: /Users/bblais/Documents/img/blah3-2011-01-29-11-35.png Graphic file (type
 png)
 <use /Users/bblais/Documents/img/blah3-2011-01-29-11-35.png>
Package pdftex.def Info: /Users/bblais/Documents/img/blah3-2011-01-29-11-35.png
 used on input line 1535.
(pdftex.def)             Requested size: 312.0008pt x 187.0786pt.
 [38 </Users/bblais/Documents/img/blah2-2011-01-29-11-35.png>] [39 </Users/bbla
is/Documents/img/blah3-2011-01-29-11-35.png>] [40] [41] [42

]
Chapter 3.

LaTeX Warning: Marginpar on page 43 moved.


LaTeX Warning: Marginpar on page 43 moved.

[43]pdfTeX warning (ext4): destination with the same identifier (name{cite.Merr
iamWebster2009}) has been already used, duplicate ignored
<to be read again> 
                   \relax 
l.1722 .... \emph{Trust}\citep{MerriamWebster2009}
                                                   is ``belief that

LaTeX Warning: Marginpar on page 44 moved.

[44]

LaTeX Warning: Marginpar on page 45 moved.


LaTeX Warning: Marginpar on page 45 moved.

[45] [46]

LaTeX Warning: Marginpar on page 47 moved.

[47]pdfTeX warning (ext4): destination with the same identifier (name{cite.Brie
rley:2014aa}) has been already used, duplicate ignored
<to be read again> 
                   \relax 
l.1928 podcast\citep{Brierley:2014aa}
                                      between theist Tim McGrew and Peter

LaTeX Warning: Marginpar on page 48 moved.


Overfull \hbox (30.703pt too wide) in paragraph at lines 1944--1948
[]\T1/pplj/m/n/10 Boghossian is fo-cus-ing on the prob-a-bil-i-ties ($\OML/zplm
/m/it/10 P []$\T1/pplj/m/n/10 , $\OML/zplm/m/it/10 P []$\T1/pplj/m/n/10 , 
 []


Overfull \hbox (23.74979pt too wide) in paragraph at lines 1944--1948
\T1/pplj/m/n/10 etc...) and Mc-Grew is fo-cussing on the util-i-ties ($U([]|[])
$, 
 []

[48]
LaTeX Font Info:    Font shape `T1/fvm/m/it' in size <10> not available
(Font)              Font shape `T1/fvm/m/sl' tried instead on input line 1974.
LaTeX Font Info:    Font shape `T1/fvm/m/sl' will be
(Font)              scaled to size 8.50006pt on input line 1974.
LaTeX Font Info:    Try loading font information for TS1+fvm on input line 1974
.
 (/usr/local/texlive/2014/texmf-dist/tex/latex/bera/ts1fvm.fd
File: ts1fvm.fd 2004/09/07 scalable font definitions for TS1/fvm.
)
LaTeX Font Info:    Font shape `TS1/fvm/m/it' in size <10> not available
(Font)              Font shape `TS1/fvm/m/sl' tried instead on input line 1974.

LaTeX Font Info:    Font shape `TS1/fvm/m/sl' will be
(Font)              scaled to size 8.50006pt on input line 1974.

Overfull \hbox (51.27023pt too wide) in alignment at lines 2007--2012
 [][][] []
 []

[49]
Overfull \hbox (35.58398pt too wide) in paragraph at lines 2025--2034
[]\T1/pplj/m/n/10 For this anal-y-sis to work, we would have at least, * $\OML/
zplm/m/it/10 P [] \OMS/zplm/m/n/10 ^^X 
 []


Overfull \hbox (46.374pt too wide) in paragraph at lines 2025--2034
\OT1/pplx/m/n/10 1$\T1/pplj/m/n/10 : one is nearly cer-tain the in-struc-tor pa
cked the parachute * $\OML/zplm/m/it/10 P [] \OMS/zplm/m/n/10 ^^X 
 []


Overfull \hbox (96.21408pt too wide) in paragraph at lines 2025--2034
\OT1/pplx/m/n/10 0$\T1/pplj/m/n/10 : one is nearly cer-tain that Pe-ter \T1/ppl
j/m/it/10 didn't \T1/pplj/m/n/10 pack the parachute * $\OML/zplm/m/it/10 U [] \
OMS/zplm/m/n/10 ^^] 
 []


Overfull \hbox (100.03587pt too wide) in paragraph at lines 2025--2034
\T1/pplj/m/n/10 pack-ing the parachute * $\OML/zplm/m/it/10 U [] \OT1/zplm/m/n/
10 = \OML/zplm/m/it/10 U [] \OMS/zplm/m/n/10 ^^X 
 []

[50] [51]

LaTeX Warning: Marginpar on page 52 moved.


LaTeX Warning: Marginpar on page 52 moved.

[52]

LaTeX Warning: Marginpar on page 53 moved.

[53]

LaTeX Warning: Reference `sec:atheism_agnosticism' on page 54 undefined on inpu
t line 2275.


LaTeX Warning: Reference `sec:atheism_agnosticism' on page 54 undefined on inpu
t line 2276.

[54]
LaTeX Font Info:    Font shape `TS1/fvm/m/n' will be
(Font)              scaled to size 8.50006pt on input line 2324.
LaTeX Font Info:    Font shape `T1/pplj/bx/it' in size <9> not available
(Font)              Font shape `T1/pplj/b/it' tried instead on input line 2335.

 [55]
Overfull \hbox (15.49023pt too wide) in paragraph at lines 2354--2367
\T1/fvm/m/n/10 universally discredited. The atonement, for example, \emph{does}
 
 []


Underfull \vbox (badness 10000) has occurred while \output is active []

 [56]

LaTeX Warning: Marginpar on page 57 moved.

pdfTeX warning (ext4): destination with the same identifier (name{cite.howard20
13propositional}) has been already used, duplicate ignored
<to be read again> 
                   \relax 
l.2423 Faith''\citep{howard2013propositional}
                                             . He immediately recognizes, as we

LaTeX Warning: Marginpar on page 57 moved.

[57]
Overfull \hbox (56.45036pt too wide) in alignment at lines 2446--2451
 [][][] []
 []


Overfull \hbox (56.2241pt too wide) in paragraph at lines 2453--2458
\T1/pplj/m/it/10 pos-i-tive ef-fect on the prob-a-bil-ity of a suc-cess-ful mar
-riage, $\OML/zplm/m/it/10 P [] > 
 []

LaTeX Font Info:    Font shape `T1/pplj/bx/it' in size <10> not available
(Font)              Font shape `T1/pplj/b/it' tried instead on input line 2467.

[58] [59] [60

]
Chapter 4.

LaTeX Warning: Reference `ch:resurrection' on page 61 undefined on input line 2
498.


Overfull \hbox (10.3732pt too wide) in paragraph at lines 2502--2509
\T1/fvm/m/n/10 Miracles\TS1/fvm/m/n/10 '' \T1/fvm/m/n/10 in David Hume\TS1/fvm/
m/n/10 '\T1/fvm/m/n/10 s larger work on reason[@Hume:1748aa]. 
 []


Overfull \hbox (35.95837pt too wide) in paragraph at lines 2502--2509
\T1/fvm/m/n/10 well.  For example, Normal Geisler misquotes Hume[@Brierley:2008
ab], 
 []


LaTeX Warning: Marginpar on page 61 moved.

[61]

LaTeX Warning: Marginpar on page 62 moved.


Overfull \hbox (0.13913pt too wide) in paragraph at lines 2574--2580
\T1/fvm/m/n/10 tell, their main critique is they don\TS1/fvm/m/n/10 '\T1/fvm/m/
n/10 t like the connotations 
 []

[62] [63]
Overfull \hbox (22.44278pt too wide) in paragraph at lines 2657--2662
\T1/pplj/m/n/10 es-tab-lish-ing only that $\OML/zplm/m/it/10 P\OT1/zplm/m/n/10 
([]\OMS/zplm/m/n/10 j[]\OT1/zplm/m/n/10 ) \OML/zplm/m/it/10 > \OT1/pplx/m/n/10 
0.5$\T1/pplj/m/n/10 . Point (2) is $\OML/zplm/m/it/10 P\OT1/zplm/m/n/10 ([]\OMS
/zplm/m/n/10 j[]\OT1/zplm/m/n/10 ) \OML/zplm/m/it/10 > 
 []

[64] [65] [66] [67] [68] [69] [70] [71]
Overfull \hbox (19.82799pt too wide) in paragraph at lines 3176--3176
|\T1/pplj/m/it/10.95 Unbelievable? 17 Nov 2007 - Are mir-a-cles ev-i-dence for 
God? - 17 Novem-
 []


Overfull \hbox (15.92967pt too wide) in paragraph at lines 3176--3176
\T1/pplj/m/it/10.95 ber 2007 -- Mir-a-cles and heal-ing - is it ev-i-dence for 
the truth of Chris-tian-
 []

[72] [73]
LaTeX Font Info:    Font shape `T1/fvm/bx/n' in size <10> not available
(Font)              Font shape `T1/fvm/b/n' tried instead on input line 3304.
LaTeX Font Info:    Font shape `T1/fvm/b/n' will be
(Font)              scaled to size 8.50006pt on input line 3304.
LaTeX Font Info:    Font shape `TS1/fvm/bx/n' in size <10> not available
(Font)              Font shape `TS1/fvm/b/n' tried instead on input line 3304.
LaTeX Font Info:    Font shape `TS1/fvm/b/n' will be
(Font)              scaled to size 8.50006pt on input line 3304.

Overfull \hbox (40.78505pt too wide) in paragraph at lines 3304--3305
\T1/fvm/b/n/10 something to happen, that she was impressed with the \emph{\T1/p
plj/b/n/10 prophecy''} 
 []

[74]
Underfull \vbox (badness 10000) has occurred while \output is active []

 [75]
[76]
Chapter 5.
pdfTeX warning (ext4): destination with the same identifier (name{cite.swinburn
e2003resurrection}) has been already used, duplicate ignored
<to be read again> 
                   \relax 
l.3387 ...stence}\citep{swinburne2003resurrection}
                                                  

LaTeX Warning: Marginpar on page 77 moved.


LaTeX Warning: Marginpar on page 77 moved.


LaTeX Warning: Marginpar on page 77 moved.


Overfull \hbox (7.0221pt too wide) in paragraph at lines 3394--3405
\T1/fvm/m/n/10 the evidence.  This is the term that Swinburne is ultimately 
 []


Overfull \hbox (32.60727pt too wide) in paragraph at lines 3394--3405
\T1/fvm/m/n/10 interested in.  His final result is \[ P(c|f,k) = \frac{100}{103
} 
 []

[77

] [78] [79] [80] [81]
Overfull \hbox (146.5044pt too wide) in paragraph at lines 3522--3524
[]\T1/pplj/m/n/9 Get the MP3 pod-cast of Un-be-liev-able?http://ondemand.premie
r.org.uk/unbelievable/AudioFeed.aspxor 
 []

[82]
Overfull \hbox (31.50983pt too wide) in paragraph at lines 3610--3614
[]\T1/pplj/m/n/10 $latex\P({\{}rm res-ur-rec-tion}|{\{}rm data})\$\and\$latex\P
(\{}mbox{not 
 []

[83]
Underfull \vbox (badness 10000) has occurred while \output is active []

 [84]

LaTeX Warning: Marginpar on page 85 moved.

[85]

LaTeX Warning: Marginpar on page 86 moved.

</Users/bblais/Documents/img/fig1.png, id=851, 393.47pt x 262.9825pt>
File: /Users/bblais/Documents/img/fig1.png Graphic file (type png)

<use /Users/bblais/Documents/img/fig1.png>
Package pdftex.def Info: /Users/bblais/Documents/img/fig1.png used on input lin
e 3792.
(pdftex.def)             Requested size: 311.99663pt x 208.52835pt.

Overfull \hbox (11.99663pt too wide) in paragraph at lines 3792--3793
[][]  
 []


Underfull \vbox (badness 10000) has occurred while \output is active []

 [86]
</Users/bblais/Documents/img/fig2.png, id=857, 393.47pt x 275.0275pt>
File: /Users/bblais/Documents/img/fig2.png Graphic file (type png)

<use /Users/bblais/Documents/img/fig2.png>
Package pdftex.def Info: /Users/bblais/Documents/img/fig2.png used on input lin
e 3806.
(pdftex.def)             Requested size: 311.99663pt x 218.07927pt.

Overfull \hbox (11.99663pt too wide) in paragraph at lines 3806--3807
[][]  
 []

[87 </Users/bblais/Documents/img/fig1.png> </Users/bblais/Documents/img/fig2.pn
g>] </Users/bblais/Documents/img/fig4.png, id=863, 393.47pt x 275.0275pt>
File: /Users/bblais/Documents/img/fig4.png Graphic file (type png)

<use /Users/bblais/Documents/img/fig4.png>
Package pdftex.def Info: /Users/bblais/Documents/img/fig4.png used on input lin
e 3818.
(pdftex.def)             Requested size: 311.99663pt x 218.07927pt.

Overfull \hbox (11.99663pt too wide) in paragraph at lines 3818--3819
[][]  
 []


LaTeX Warning: Reference `sec:ockham' on page 88 undefined on input line 3835.


LaTeX Warning: Reference `sec:ockham' on page 88 undefined on input line 3836.

[88 </Users/bblais/Documents/img/fig4.png>] [89] [90

] (./Measure Of Faith.bblpdfTeX warning (ext4): destination with the same ident
ifier (name{cite.Bannister:aa}) has been already used, duplicate ignored
<to be read again> 
                   \relax 
l.3 \bibitem[Bannister, ]{Bannister:aa}
                                       pdfTeX warning (ext4): destination with 
the same identifier (name{cite.Barker:1992aa}) has been already used, duplicate
 ignored
<to be read again> 
                   \relax 
l.7 ...tem[Barker and Barker, 1992]{Barker:1992aa}
                                                  pdfTeX warning (ext4): destin
ation with the same identifier (name{cite.Blais:2014aa}) has been already used,
 duplicate ignored
<to be read again> 
                   \relax 
l.13 \bibitem[Blais, 2014]{Blais:2014aa}
                                        pdfTeX warning (ext4): destination with
 the same identifier (name{cite.Brierley:2008ab}) has been already used, duplic
ate ignored
<to be read again> 
                   \relax 
l.18 \bibitem[Brierley, 2008]{Brierley:2008ab}
                                              pdfTeX warning (ext4): destinatio
n with the same identifier (name{cite.Brierley:2014ab}) has been already used, 
duplicate ignored
<to be read again> 
                   \relax 
l.23 \bibitem[Brierley, 2014a]{Brierley:2014ab}
                                               pdfTeX warning (ext4): destinati
on with the same identifier (name{cite.Brierley:2014aa}) has been already used,
 duplicate ignored
<to be read again> 
                   \relax 
l.29 \bibitem[Brierley, 2014b]{Brierley:2014aa}
                                               pdfTeX warning (ext4): destinati
on with the same identifier (name{cite.davies2007taking}) has been already used
, duplicate ignored
<to be read again> 
                   \relax 
l.35 ...[Davies and Tempe, 2007]{davies2007taking}
                                                  pdfTeX warning (ext4): destin
ation with the same identifier (name{cite.Dawkins:aa}) has been already used, d
uplicate ignored
<to be read again> 
                   \relax 
l.40 \bibitem[Dawkins and McGrath, ]{Dawkins:aa}
                                                pdfTeX warning (ext4): destinat
ion with the same identifier (name{cite.fine2003plato}) has been already used, 
duplicate ignored
<to be read again> 
                   \relax 
l.44 \bibitem[Fine, 2003]{fine2003plato}
                                        pdfTeX warning (ext4): destination with
 the same identifier (name{cite.geisler2004don}) has been already used, duplica
te ignored
<to be read again> 
                   \relax 
l.48 ...m[Geisler and Turek, 2004]{geisler2004don}
                                                  pdfTeX warning (ext4): destin
ation with the same identifier (name{cite.gould1981evolution}) has been already
 used, duplicate ignored
<to be read again> 
                   \relax 
l.53 \bibitem[Gould, 1981]{gould1981evolution}
                                              pdfTeX warning (ext4): destinatio
n with the same identifier (name{cite.howard2013propositional}) has been alread
y used, duplicate ignored
<to be read again> 
                   \relax 
l.58 ...ard-Snyder, 2013]{howard2013propositional}
                                                  pdfTeX warning (ext4): destin
ation with the same identifier (name{cite.Hume:1748aa}) has been already used, 
duplicate ignored
<to be read again> 
                   \relax 
l.62 \bibitem[Hume, 1748]{Hume:1748aa}
                                      pdfTeX warning (ext4): destination with t
he same identifier (name{cite.Jaynes2003}) has been already used, duplicate ign
ored
<to be read again> 
                   \relax 
l.67 \bibitem[Jaynes, 2003]{Jaynes2003}
                                       pdfTeX warning (ext4): destination with 
the same identifier (name{cite.jefferys1991sharpening}) has been already used, 
duplicate ignored
<to be read again> 
                   \relax 
l.73 ... and Berger, 1991]{jefferys1991sharpening}
                                                   [91

]pdfTeX warning (ext4): destination with the same identifier (name{cite.jordaan
2005decisions}) has been already used, duplicate ignored
<to be read again> 
                   \relax 
l.78 \bibitem[Jordaan, 2005]{jordaan2005decisions}
                                                  pdfTeX warning (ext4): destin
ation with the same identifier (name{cite.laplace1825philosophical}) has been a
lready used, duplicate ignored
<to be read again> 
                   \relax 
l.84 ...m[Laplace, 1951]{laplace1825philosophical}
                                                  pdfTeX warning (ext4): destin
ation with the same identifier (name{cite.sep-miracles}) has been already used,
 duplicate ignored
<to be read again> 
                   \relax 
l.89 \bibitem[McGrew, 2014]{sep-miracles}
                                         pdfTeX warning (ext4): destination wit
h the same identifier (name{cite.MerriamWebster2009}) has been already used, du
plicate ignored
<to be read again> 
                   \relax 
l.95 ...Webster Online}, 2009]{MerriamWebster2009}
                                                  pdfTeX warning (ext4): destin
ation with the same identifier (name{cite.Miller:2009aa}) has been already used
, duplicate ignored
<to be read again> 
                   \relax 
l.99 \bibitem[Miller, 2009]{Miller:2009aa}
                                          pdfTeX warning (ext4): destination wi
th the same identifier (name{cite.sagandemon}) has been already used, duplicate
 ignored
<to be read again> 
                   \relax 
l.104 \bibitem[Sagan, 1996]{sagandemon}
                                       pdfTeX warning (ext4): destination with 
the same identifier (name{cite.Spear:2013aa}) has been already used, duplicate 
ignored
<to be read again> 
                   \relax 
l.109 \bibitem[Spear, 2013]{Spear:2013aa}
                                         pdfTeX warning (ext4): destination wit
h the same identifier (name{cite.swinburne2003resurrection}) has been already u
sed, duplicate ignored
<to be read again> 
                   \relax 
l.113 ...inburne, 2003]{swinburne2003resurrection}
                                                  pdfTeX warning (ext4): destin
ation with the same identifier (name{cite.swinburne2004existence}) has been alr
eady used, duplicate ignored
<to be read again> 
                   \relax 
l.117 ...[Swinburne, 2004]{swinburne2004existence}
                                                  pdfTeX warning (ext4): destin
ation with the same identifier (name{cite.Wikipedia:2015aa}) has been already u
sed, duplicate ignored
<to be read again> 
                   \relax 
l.122 \bibitem[Wikipedia, 2015]{Wikipedia:2015aa}
                                                 )
No file "Measure Of Faith".ind.
\tf@thm=\write7
\openout7 = `"Measure Of Faith.thm"'.

Package atveryend Info: Empty hook `BeforeClearDocument' on input line 3877.
[92]
Package atveryend Info: Empty hook `AfterLastShipout' on input line 3877.
 (./Measure Of Faith.aux)
Package atveryend Info: Executing hook `AtVeryEndDocument' on input line 3877.
Package atveryend Info: Executing hook `AtEndAfterFileList' on input line 3877.

Package rerunfilecheck Info: File `"Measure Of Faith".out' has not changed.
(rerunfilecheck)             Checksum: F02331C02AABC9F189204F8537F3DFF7;5910.


LaTeX Warning: There were undefined references.


LaTeX Warning: There were multiply-defined labels.

Package atveryend Info: Empty hook `AtVeryVeryEnd' on input line 3877.
 ) 
Here is how much of TeX's memory you used:
 15387 strings out of 493117
 220238 string characters out of 6135433
 411787 words of memory out of 5000000
 18214 multiletter control sequences out of 15000+600000
 131449 words of font info for 196 fonts, out of 8000000 for 9000
 1141 hyphenation exceptions out of 8191
 41i,13n,74p,1585b,497s stack positions out of 5000i,500n,10000p,200000b,80000s
{/usr/local/texlive/2014/texmf-dist/fonts/enc/dvips/base/8r.enc}{/usr/local/t
exlive/2014/texmf-dist/fonts/enc/dvips/arev/arevoms.enc}</usr/local/texlive/201
4/texmf-dist/fonts/type1/public/arev/ArevSans-Roman.pfb></usr/local/texlive/201
4/texmf-dist/fonts/type1/public/amsfonts/cm/cmex10.pfb></usr/local/texlive/2014
/texmf-dist/fonts/type1/public/amsfonts/cm/cmmi10.pfb></usr/local/texlive/2014/
texmf-dist/fonts/type1/public/amsfonts/cm/cmr10.pfb></usr/local/texlive/2014/te
xmf-dist/fonts/type1/public/amsfonts/cm/cmsy10.pfb></usr/local/texlive/2014/tex
mf-dist/fonts/type1/public/fpl/fplbij8a.pfb></usr/local/texlive/2014/texmf-dist
/fonts/type1/public/fpl/fplbj8a.pfb></usr/local/texlive/2014/texmf-dist/fonts/t
ype1/public/mathpazo/fplmr.pfb></usr/local/texlive/2014/texmf-dist/fonts/type1/
public/fpl/fplrc8a.pfb></usr/local/texlive/2014/texmf-dist/fonts/type1/public/f
pl/fplrij8a.pfb></usr/local/texlive/2014/texmf-dist/fonts/type1/public/bera/fvm
b8a.pfb></usr/local/texlive/2014/texmf-dist/fonts/type1/public/bera/fvmr8a.pfb>
</usr/local/texlive/2014/texmf-dist/fonts/type1/public/bera/fvmro8a.pfb></usr/l
ocal/texlive/2014/texmf-dist/fonts/type1/urw/helvetic/uhvr8a.pfb></usr/local/te
xlive/2014/texmf-dist/fonts/type1/urw/palatino/uplb8a.pfb></usr/local/texlive/2
014/texmf-dist/fonts/type1/urw/palatino/uplbi8a.pfb></usr/local/texlive/2014/te
xmf-dist/fonts/type1/urw/palatino/uplr8a.pfb></usr/local/texlive/2014/texmf-dis
t/fonts/type1/urw/palatino/uplri8a.pfb>
Output written on "Measure Of Faith.pdf" (92 pages, 1395693 bytes).
PDF statistics:
 1008 PDF objects out of 1200 (max. 8388607)
 809 compressed objects within 9 object streams
 275 named destinations out of 1000 (max. 500000)
 3359 words of extra memory for PDF output out of 10000 (max. 10000000)

